[2022-10-03T17:07:45.188-0400] {processor.py:156} INFO - Started process (PID=85548) to work on /Users/austin/Desktop/Link_Slack_Bot/venv/lib/python3.10/site-packages/airflow/example_dags/plugins/workday.py
[2022-10-03T17:07:45.195-0400] {processor.py:758} INFO - Processing file /Users/austin/Desktop/Link_Slack_Bot/venv/lib/python3.10/site-packages/airflow/example_dags/plugins/workday.py for tasks to queue
[2022-10-03T17:07:45.195-0400] {logging_mixin.py:117} INFO - [2022-10-03T17:07:45.195-0400] {dagbag.py:525} INFO - Filling up the DagBag from /Users/austin/Desktop/Link_Slack_Bot/venv/lib/python3.10/site-packages/airflow/example_dags/plugins/workday.py
[2022-10-03T17:07:45.209-0400] {processor.py:770} WARNING - No viable dags retrieved from /Users/austin/Desktop/Link_Slack_Bot/venv/lib/python3.10/site-packages/airflow/example_dags/plugins/workday.py
[2022-10-03T17:07:45.354-0400] {processor.py:178} INFO - Processing /Users/austin/Desktop/Link_Slack_Bot/venv/lib/python3.10/site-packages/airflow/example_dags/plugins/workday.py took 0.167 seconds
[2022-10-03T17:10:21.804-0400] {processor.py:156} INFO - Started process (PID=92148) to work on /Users/austin/Desktop/Link_Slack_Bot/venv/lib/python3.10/site-packages/airflow/example_dags/plugins/workday.py
[2022-10-03T17:10:21.810-0400] {processor.py:758} INFO - Processing file /Users/austin/Desktop/Link_Slack_Bot/venv/lib/python3.10/site-packages/airflow/example_dags/plugins/workday.py for tasks to queue
[2022-10-03T17:10:21.811-0400] {logging_mixin.py:117} INFO - [2022-10-03T17:10:21.810-0400] {dagbag.py:525} INFO - Filling up the DagBag from /Users/austin/Desktop/Link_Slack_Bot/venv/lib/python3.10/site-packages/airflow/example_dags/plugins/workday.py
[2022-10-03T17:10:21.824-0400] {processor.py:770} WARNING - No viable dags retrieved from /Users/austin/Desktop/Link_Slack_Bot/venv/lib/python3.10/site-packages/airflow/example_dags/plugins/workday.py
[2022-10-03T17:10:21.956-0400] {processor.py:178} INFO - Processing /Users/austin/Desktop/Link_Slack_Bot/venv/lib/python3.10/site-packages/airflow/example_dags/plugins/workday.py took 0.153 seconds
[2022-10-03T17:12:00.961-0400] {processor.py:156} INFO - Started process (PID=96241) to work on /Users/austin/Desktop/Link_Slack_Bot/venv/lib/python3.10/site-packages/airflow/example_dags/plugins/workday.py
[2022-10-03T17:12:00.968-0400] {processor.py:758} INFO - Processing file /Users/austin/Desktop/Link_Slack_Bot/venv/lib/python3.10/site-packages/airflow/example_dags/plugins/workday.py for tasks to queue
[2022-10-03T17:12:00.968-0400] {logging_mixin.py:117} INFO - [2022-10-03T17:12:00.968-0400] {dagbag.py:525} INFO - Filling up the DagBag from /Users/austin/Desktop/Link_Slack_Bot/venv/lib/python3.10/site-packages/airflow/example_dags/plugins/workday.py
[2022-10-03T17:12:00.981-0400] {processor.py:770} WARNING - No viable dags retrieved from /Users/austin/Desktop/Link_Slack_Bot/venv/lib/python3.10/site-packages/airflow/example_dags/plugins/workday.py
[2022-10-03T17:12:01.086-0400] {processor.py:178} INFO - Processing /Users/austin/Desktop/Link_Slack_Bot/venv/lib/python3.10/site-packages/airflow/example_dags/plugins/workday.py took 0.125 seconds
[2022-10-03T17:12:22.583-0400] {processor.py:156} INFO - Started process (PID=97166) to work on /Users/austin/Desktop/Link_Slack_Bot/venv/lib/python3.10/site-packages/airflow/example_dags/plugins/workday.py
[2022-10-03T17:12:22.589-0400] {processor.py:758} INFO - Processing file /Users/austin/Desktop/Link_Slack_Bot/venv/lib/python3.10/site-packages/airflow/example_dags/plugins/workday.py for tasks to queue
[2022-10-03T17:12:22.589-0400] {logging_mixin.py:117} INFO - [2022-10-03T17:12:22.589-0400] {dagbag.py:525} INFO - Filling up the DagBag from /Users/austin/Desktop/Link_Slack_Bot/venv/lib/python3.10/site-packages/airflow/example_dags/plugins/workday.py
[2022-10-03T17:12:22.602-0400] {processor.py:770} WARNING - No viable dags retrieved from /Users/austin/Desktop/Link_Slack_Bot/venv/lib/python3.10/site-packages/airflow/example_dags/plugins/workday.py
[2022-10-03T17:12:22.730-0400] {processor.py:178} INFO - Processing /Users/austin/Desktop/Link_Slack_Bot/venv/lib/python3.10/site-packages/airflow/example_dags/plugins/workday.py took 0.147 seconds
