[2022-10-03T17:08:28.541-0400] {processor.py:156} INFO - Started process (PID=87456) to work on /Users/austin/Desktop/Link_Slack_Bot/venv/lib/python3.10/site-packages/airflow/example_dags/example_short_circuit_decorator.py
[2022-10-03T17:08:28.547-0400] {processor.py:758} INFO - Processing file /Users/austin/Desktop/Link_Slack_Bot/venv/lib/python3.10/site-packages/airflow/example_dags/example_short_circuit_decorator.py for tasks to queue
[2022-10-03T17:08:28.547-0400] {logging_mixin.py:117} INFO - [2022-10-03T17:08:28.547-0400] {dagbag.py:525} INFO - Filling up the DagBag from /Users/austin/Desktop/Link_Slack_Bot/venv/lib/python3.10/site-packages/airflow/example_dags/example_short_circuit_decorator.py
[2022-10-03T17:08:28.592-0400] {processor.py:768} INFO - DAG(s) dict_keys(['example_short_circuit_decorator']) retrieved from /Users/austin/Desktop/Link_Slack_Bot/venv/lib/python3.10/site-packages/airflow/example_dags/example_short_circuit_decorator.py
[2022-10-03T17:08:29.465-0400] {logging_mixin.py:117} INFO - [2022-10-03T17:08:29.465-0400] {manager.py:507} INFO - Created Permission View: can read on DAG:example_short_circuit_decorator
[2022-10-03T17:08:29.472-0400] {logging_mixin.py:117} INFO - [2022-10-03T17:08:29.472-0400] {manager.py:507} INFO - Created Permission View: can edit on DAG:example_short_circuit_decorator
[2022-10-03T17:08:29.480-0400] {logging_mixin.py:117} INFO - [2022-10-03T17:08:29.480-0400] {manager.py:507} INFO - Created Permission View: can delete on DAG:example_short_circuit_decorator
[2022-10-03T17:08:29.480-0400] {logging_mixin.py:117} INFO - [2022-10-03T17:08:29.480-0400] {dag.py:2573} INFO - Sync 1 DAGs
[2022-10-03T17:08:29.491-0400] {logging_mixin.py:117} INFO - [2022-10-03T17:08:29.491-0400] {dag.py:2594} INFO - Creating ORM DAG for example_short_circuit_decorator
[2022-10-03T17:08:29.500-0400] {logging_mixin.py:117} INFO - [2022-10-03T17:08:29.500-0400] {dag.py:3324} INFO - Setting next_dagrun for example_short_circuit_decorator to 2022-10-02T21:08:29.499900+00:00, run_after=2022-10-03T21:08:29.499900+00:00
[2022-10-03T17:08:29.518-0400] {processor.py:178} INFO - Processing /Users/austin/Desktop/Link_Slack_Bot/venv/lib/python3.10/site-packages/airflow/example_dags/example_short_circuit_decorator.py took 0.977 seconds
[2022-10-03T17:10:50.112-0400] {processor.py:156} INFO - Started process (PID=93360) to work on /Users/austin/Desktop/Link_Slack_Bot/venv/lib/python3.10/site-packages/airflow/example_dags/example_short_circuit_decorator.py
[2022-10-03T17:10:50.118-0400] {processor.py:758} INFO - Processing file /Users/austin/Desktop/Link_Slack_Bot/venv/lib/python3.10/site-packages/airflow/example_dags/example_short_circuit_decorator.py for tasks to queue
[2022-10-03T17:10:50.119-0400] {logging_mixin.py:117} INFO - [2022-10-03T17:10:50.119-0400] {dagbag.py:525} INFO - Filling up the DagBag from /Users/austin/Desktop/Link_Slack_Bot/venv/lib/python3.10/site-packages/airflow/example_dags/example_short_circuit_decorator.py
[2022-10-03T17:10:50.163-0400] {processor.py:768} INFO - DAG(s) dict_keys(['example_short_circuit_decorator']) retrieved from /Users/austin/Desktop/Link_Slack_Bot/venv/lib/python3.10/site-packages/airflow/example_dags/example_short_circuit_decorator.py
[2022-10-03T17:10:50.294-0400] {logging_mixin.py:117} INFO - [2022-10-03T17:10:50.293-0400] {dag.py:2573} INFO - Sync 1 DAGs
[2022-10-03T17:10:50.310-0400] {logging_mixin.py:117} INFO - [2022-10-03T17:10:50.310-0400] {dag.py:3324} INFO - Setting next_dagrun for example_short_circuit_decorator to 2022-10-02T21:10:50.310259+00:00, run_after=2022-10-03T21:10:50.310259+00:00
[2022-10-03T17:10:50.326-0400] {processor.py:178} INFO - Processing /Users/austin/Desktop/Link_Slack_Bot/venv/lib/python3.10/site-packages/airflow/example_dags/example_short_circuit_decorator.py took 0.215 seconds
[2022-10-03T17:12:50.471-0400] {processor.py:156} INFO - Started process (PID=98376) to work on /Users/austin/Desktop/Link_Slack_Bot/venv/lib/python3.10/site-packages/airflow/example_dags/example_short_circuit_decorator.py
[2022-10-03T17:12:50.476-0400] {processor.py:758} INFO - Processing file /Users/austin/Desktop/Link_Slack_Bot/venv/lib/python3.10/site-packages/airflow/example_dags/example_short_circuit_decorator.py for tasks to queue
[2022-10-03T17:12:50.476-0400] {logging_mixin.py:117} INFO - [2022-10-03T17:12:50.476-0400] {dagbag.py:525} INFO - Filling up the DagBag from /Users/austin/Desktop/Link_Slack_Bot/venv/lib/python3.10/site-packages/airflow/example_dags/example_short_circuit_decorator.py
[2022-10-03T17:12:50.511-0400] {processor.py:768} INFO - DAG(s) dict_keys(['example_short_circuit_decorator']) retrieved from /Users/austin/Desktop/Link_Slack_Bot/venv/lib/python3.10/site-packages/airflow/example_dags/example_short_circuit_decorator.py
[2022-10-03T17:12:50.648-0400] {logging_mixin.py:117} INFO - [2022-10-03T17:12:50.647-0400] {dag.py:2573} INFO - Sync 1 DAGs
[2022-10-03T17:12:50.662-0400] {logging_mixin.py:117} INFO - [2022-10-03T17:12:50.662-0400] {dag.py:3324} INFO - Setting next_dagrun for example_short_circuit_decorator to 2022-10-02T21:12:50.662486+00:00, run_after=2022-10-03T21:12:50.662486+00:00
[2022-10-03T17:12:50.677-0400] {processor.py:178} INFO - Processing /Users/austin/Desktop/Link_Slack_Bot/venv/lib/python3.10/site-packages/airflow/example_dags/example_short_circuit_decorator.py took 0.207 seconds
