[2022-10-03T17:08:55.420-0400] {processor.py:156} INFO - Started process (PID=88588) to work on /Users/austin/Desktop/Link_Slack_Bot/venv/lib/python3.10/site-packages/airflow/example_dags/example_dag_decorator.py
[2022-10-03T17:08:55.425-0400] {processor.py:758} INFO - Processing file /Users/austin/Desktop/Link_Slack_Bot/venv/lib/python3.10/site-packages/airflow/example_dags/example_dag_decorator.py for tasks to queue
[2022-10-03T17:08:55.426-0400] {logging_mixin.py:117} INFO - [2022-10-03T17:08:55.426-0400] {dagbag.py:525} INFO - Filling up the DagBag from /Users/austin/Desktop/Link_Slack_Bot/venv/lib/python3.10/site-packages/airflow/example_dags/example_dag_decorator.py
[2022-10-03T17:08:55.643-0400] {processor.py:768} INFO - DAG(s) dict_keys(['example_dag_decorator']) retrieved from /Users/austin/Desktop/Link_Slack_Bot/venv/lib/python3.10/site-packages/airflow/example_dags/example_dag_decorator.py
[2022-10-03T17:08:56.292-0400] {logging_mixin.py:117} INFO - [2022-10-03T17:08:56.292-0400] {manager.py:507} INFO - Created Permission View: can read on DAG:example_dag_decorator
[2022-10-03T17:08:56.299-0400] {logging_mixin.py:117} INFO - [2022-10-03T17:08:56.299-0400] {manager.py:507} INFO - Created Permission View: can delete on DAG:example_dag_decorator
[2022-10-03T17:08:56.305-0400] {logging_mixin.py:117} INFO - [2022-10-03T17:08:56.304-0400] {manager.py:507} INFO - Created Permission View: can edit on DAG:example_dag_decorator
[2022-10-03T17:08:56.305-0400] {logging_mixin.py:117} INFO - [2022-10-03T17:08:56.305-0400] {dag.py:2573} INFO - Sync 1 DAGs
[2022-10-03T17:08:56.314-0400] {logging_mixin.py:117} INFO - [2022-10-03T17:08:56.314-0400] {dag.py:2594} INFO - Creating ORM DAG for example_dag_decorator
[2022-10-03T17:08:56.321-0400] {logging_mixin.py:117} INFO - [2022-10-03T17:08:56.321-0400] {dag.py:3324} INFO - Setting next_dagrun for example_dag_decorator to None, run_after=None
[2022-10-03T17:08:56.336-0400] {processor.py:178} INFO - Processing /Users/austin/Desktop/Link_Slack_Bot/venv/lib/python3.10/site-packages/airflow/example_dags/example_dag_decorator.py took 0.917 seconds
[2022-10-03T17:11:08.723-0400] {processor.py:156} INFO - Started process (PID=94137) to work on /Users/austin/Desktop/Link_Slack_Bot/venv/lib/python3.10/site-packages/airflow/example_dags/example_dag_decorator.py
[2022-10-03T17:11:08.728-0400] {processor.py:758} INFO - Processing file /Users/austin/Desktop/Link_Slack_Bot/venv/lib/python3.10/site-packages/airflow/example_dags/example_dag_decorator.py for tasks to queue
[2022-10-03T17:11:08.729-0400] {logging_mixin.py:117} INFO - [2022-10-03T17:11:08.729-0400] {dagbag.py:525} INFO - Filling up the DagBag from /Users/austin/Desktop/Link_Slack_Bot/venv/lib/python3.10/site-packages/airflow/example_dags/example_dag_decorator.py
[2022-10-03T17:11:08.925-0400] {processor.py:768} INFO - DAG(s) dict_keys(['example_dag_decorator']) retrieved from /Users/austin/Desktop/Link_Slack_Bot/venv/lib/python3.10/site-packages/airflow/example_dags/example_dag_decorator.py
[2022-10-03T17:11:09.617-0400] {logging_mixin.py:117} INFO - [2022-10-03T17:11:09.616-0400] {dag.py:2573} INFO - Sync 1 DAGs
[2022-10-03T17:11:09.633-0400] {logging_mixin.py:117} INFO - [2022-10-03T17:11:09.633-0400] {dag.py:3324} INFO - Setting next_dagrun for example_dag_decorator to None, run_after=None
[2022-10-03T17:11:09.652-0400] {processor.py:178} INFO - Processing /Users/austin/Desktop/Link_Slack_Bot/venv/lib/python3.10/site-packages/airflow/example_dags/example_dag_decorator.py took 0.930 seconds
[2022-10-03T17:13:09.279-0400] {processor.py:156} INFO - Started process (PID=99161) to work on /Users/austin/Desktop/Link_Slack_Bot/venv/lib/python3.10/site-packages/airflow/example_dags/example_dag_decorator.py
[2022-10-03T17:13:09.284-0400] {processor.py:758} INFO - Processing file /Users/austin/Desktop/Link_Slack_Bot/venv/lib/python3.10/site-packages/airflow/example_dags/example_dag_decorator.py for tasks to queue
[2022-10-03T17:13:09.285-0400] {logging_mixin.py:117} INFO - [2022-10-03T17:13:09.284-0400] {dagbag.py:525} INFO - Filling up the DagBag from /Users/austin/Desktop/Link_Slack_Bot/venv/lib/python3.10/site-packages/airflow/example_dags/example_dag_decorator.py
[2022-10-03T17:13:09.461-0400] {processor.py:768} INFO - DAG(s) dict_keys(['example_dag_decorator']) retrieved from /Users/austin/Desktop/Link_Slack_Bot/venv/lib/python3.10/site-packages/airflow/example_dags/example_dag_decorator.py
[2022-10-03T17:13:10.073-0400] {logging_mixin.py:117} INFO - [2022-10-03T17:13:10.073-0400] {dag.py:2573} INFO - Sync 1 DAGs
[2022-10-03T17:13:10.087-0400] {logging_mixin.py:117} INFO - [2022-10-03T17:13:10.087-0400] {dag.py:3324} INFO - Setting next_dagrun for example_dag_decorator to None, run_after=None
[2022-10-03T17:13:10.106-0400] {processor.py:178} INFO - Processing /Users/austin/Desktop/Link_Slack_Bot/venv/lib/python3.10/site-packages/airflow/example_dags/example_dag_decorator.py took 0.828 seconds
