[2022-10-03T17:08:11.819-0400] {processor.py:156} INFO - Started process (PID=86716) to work on /Users/austin/Desktop/Link_Slack_Bot/venv/lib/python3.10/site-packages/airflow/example_dags/example_task_group_decorator.py
[2022-10-03T17:08:11.824-0400] {processor.py:758} INFO - Processing file /Users/austin/Desktop/Link_Slack_Bot/venv/lib/python3.10/site-packages/airflow/example_dags/example_task_group_decorator.py for tasks to queue
[2022-10-03T17:08:11.825-0400] {logging_mixin.py:117} INFO - [2022-10-03T17:08:11.825-0400] {dagbag.py:525} INFO - Filling up the DagBag from /Users/austin/Desktop/Link_Slack_Bot/venv/lib/python3.10/site-packages/airflow/example_dags/example_task_group_decorator.py
[2022-10-03T17:08:11.878-0400] {processor.py:768} INFO - DAG(s) dict_keys(['example_task_group_decorator']) retrieved from /Users/austin/Desktop/Link_Slack_Bot/venv/lib/python3.10/site-packages/airflow/example_dags/example_task_group_decorator.py
[2022-10-03T17:08:12.795-0400] {logging_mixin.py:117} INFO - [2022-10-03T17:08:12.794-0400] {manager.py:507} INFO - Created Permission View: can edit on DAG:example_task_group_decorator
[2022-10-03T17:08:12.809-0400] {logging_mixin.py:117} INFO - [2022-10-03T17:08:12.809-0400] {manager.py:507} INFO - Created Permission View: can delete on DAG:example_task_group_decorator
[2022-10-03T17:08:12.822-0400] {logging_mixin.py:117} INFO - [2022-10-03T17:08:12.822-0400] {manager.py:507} INFO - Created Permission View: can read on DAG:example_task_group_decorator
[2022-10-03T17:08:12.822-0400] {logging_mixin.py:117} INFO - [2022-10-03T17:08:12.822-0400] {dag.py:2573} INFO - Sync 1 DAGs
[2022-10-03T17:08:12.837-0400] {logging_mixin.py:117} INFO - [2022-10-03T17:08:12.837-0400] {dag.py:2594} INFO - Creating ORM DAG for example_task_group_decorator
[2022-10-03T17:08:12.847-0400] {logging_mixin.py:117} INFO - [2022-10-03T17:08:12.847-0400] {dag.py:3324} INFO - Setting next_dagrun for example_task_group_decorator to 2022-10-02T21:08:12.847038+00:00, run_after=2022-10-03T21:08:12.847038+00:00
[2022-10-03T17:08:12.909-0400] {processor.py:178} INFO - Processing /Users/austin/Desktop/Link_Slack_Bot/venv/lib/python3.10/site-packages/airflow/example_dags/example_task_group_decorator.py took 1.091 seconds
[2022-10-03T17:10:39.203-0400] {processor.py:156} INFO - Started process (PID=92887) to work on /Users/austin/Desktop/Link_Slack_Bot/venv/lib/python3.10/site-packages/airflow/example_dags/example_task_group_decorator.py
[2022-10-03T17:10:39.209-0400] {processor.py:758} INFO - Processing file /Users/austin/Desktop/Link_Slack_Bot/venv/lib/python3.10/site-packages/airflow/example_dags/example_task_group_decorator.py for tasks to queue
[2022-10-03T17:10:39.209-0400] {logging_mixin.py:117} INFO - [2022-10-03T17:10:39.209-0400] {dagbag.py:525} INFO - Filling up the DagBag from /Users/austin/Desktop/Link_Slack_Bot/venv/lib/python3.10/site-packages/airflow/example_dags/example_task_group_decorator.py
[2022-10-03T17:10:39.261-0400] {processor.py:768} INFO - DAG(s) dict_keys(['example_task_group_decorator']) retrieved from /Users/austin/Desktop/Link_Slack_Bot/venv/lib/python3.10/site-packages/airflow/example_dags/example_task_group_decorator.py
[2022-10-03T17:10:39.404-0400] {logging_mixin.py:117} INFO - [2022-10-03T17:10:39.403-0400] {dag.py:2573} INFO - Sync 1 DAGs
[2022-10-03T17:10:39.419-0400] {logging_mixin.py:117} INFO - [2022-10-03T17:10:39.419-0400] {dag.py:3324} INFO - Setting next_dagrun for example_task_group_decorator to 2022-10-02T21:10:39.419026+00:00, run_after=2022-10-03T21:10:39.419026+00:00
[2022-10-03T17:10:39.434-0400] {processor.py:178} INFO - Processing /Users/austin/Desktop/Link_Slack_Bot/venv/lib/python3.10/site-packages/airflow/example_dags/example_task_group_decorator.py took 0.232 seconds
[2022-10-03T17:12:40.342-0400] {processor.py:156} INFO - Started process (PID=97935) to work on /Users/austin/Desktop/Link_Slack_Bot/venv/lib/python3.10/site-packages/airflow/example_dags/example_task_group_decorator.py
[2022-10-03T17:12:40.347-0400] {processor.py:758} INFO - Processing file /Users/austin/Desktop/Link_Slack_Bot/venv/lib/python3.10/site-packages/airflow/example_dags/example_task_group_decorator.py for tasks to queue
[2022-10-03T17:12:40.348-0400] {logging_mixin.py:117} INFO - [2022-10-03T17:12:40.348-0400] {dagbag.py:525} INFO - Filling up the DagBag from /Users/austin/Desktop/Link_Slack_Bot/venv/lib/python3.10/site-packages/airflow/example_dags/example_task_group_decorator.py
[2022-10-03T17:12:40.400-0400] {processor.py:768} INFO - DAG(s) dict_keys(['example_task_group_decorator']) retrieved from /Users/austin/Desktop/Link_Slack_Bot/venv/lib/python3.10/site-packages/airflow/example_dags/example_task_group_decorator.py
[2022-10-03T17:12:40.564-0400] {logging_mixin.py:117} INFO - [2022-10-03T17:12:40.564-0400] {dag.py:2573} INFO - Sync 1 DAGs
[2022-10-03T17:12:40.581-0400] {logging_mixin.py:117} INFO - [2022-10-03T17:12:40.580-0400] {dag.py:3324} INFO - Setting next_dagrun for example_task_group_decorator to 2022-10-02T21:12:40.580842+00:00, run_after=2022-10-03T21:12:40.580842+00:00
[2022-10-03T17:12:40.597-0400] {processor.py:178} INFO - Processing /Users/austin/Desktop/Link_Slack_Bot/venv/lib/python3.10/site-packages/airflow/example_dags/example_task_group_decorator.py took 0.256 seconds
