[2022-10-03T17:08:42.792-0400] {processor.py:156} INFO - Started process (PID=88038) to work on /Users/austin/Desktop/Link_Slack_Bot/venv/lib/python3.10/site-packages/airflow/example_dags/example_latest_only_with_trigger.py
[2022-10-03T17:08:42.800-0400] {processor.py:758} INFO - Processing file /Users/austin/Desktop/Link_Slack_Bot/venv/lib/python3.10/site-packages/airflow/example_dags/example_latest_only_with_trigger.py for tasks to queue
[2022-10-03T17:08:42.801-0400] {logging_mixin.py:117} INFO - [2022-10-03T17:08:42.801-0400] {dagbag.py:525} INFO - Filling up the DagBag from /Users/austin/Desktop/Link_Slack_Bot/venv/lib/python3.10/site-packages/airflow/example_dags/example_latest_only_with_trigger.py
[2022-10-03T17:08:42.828-0400] {processor.py:768} INFO - DAG(s) dict_keys(['latest_only_with_trigger']) retrieved from /Users/austin/Desktop/Link_Slack_Bot/venv/lib/python3.10/site-packages/airflow/example_dags/example_latest_only_with_trigger.py
[2022-10-03T17:08:43.801-0400] {logging_mixin.py:117} INFO - [2022-10-03T17:08:43.801-0400] {manager.py:507} INFO - Created Permission View: can edit on DAG:latest_only_with_trigger
[2022-10-03T17:08:43.808-0400] {logging_mixin.py:117} INFO - [2022-10-03T17:08:43.807-0400] {manager.py:507} INFO - Created Permission View: can read on DAG:latest_only_with_trigger
[2022-10-03T17:08:43.813-0400] {logging_mixin.py:117} INFO - [2022-10-03T17:08:43.812-0400] {manager.py:507} INFO - Created Permission View: can delete on DAG:latest_only_with_trigger
[2022-10-03T17:08:43.813-0400] {logging_mixin.py:117} INFO - [2022-10-03T17:08:43.813-0400] {dag.py:2573} INFO - Sync 1 DAGs
[2022-10-03T17:08:43.822-0400] {logging_mixin.py:117} INFO - [2022-10-03T17:08:43.822-0400] {dag.py:2594} INFO - Creating ORM DAG for latest_only_with_trigger
[2022-10-03T17:08:43.829-0400] {logging_mixin.py:117} INFO - [2022-10-03T17:08:43.829-0400] {dag.py:3324} INFO - Setting next_dagrun for latest_only_with_trigger to 2022-10-03T17:08:43.829409+00:00, run_after=2022-10-03T21:08:43.829409+00:00
[2022-10-03T17:08:43.846-0400] {processor.py:178} INFO - Processing /Users/austin/Desktop/Link_Slack_Bot/venv/lib/python3.10/site-packages/airflow/example_dags/example_latest_only_with_trigger.py took 1.054 seconds
[2022-10-03T17:10:59.535-0400] {processor.py:156} INFO - Started process (PID=93755) to work on /Users/austin/Desktop/Link_Slack_Bot/venv/lib/python3.10/site-packages/airflow/example_dags/example_latest_only_with_trigger.py
[2022-10-03T17:10:59.541-0400] {processor.py:758} INFO - Processing file /Users/austin/Desktop/Link_Slack_Bot/venv/lib/python3.10/site-packages/airflow/example_dags/example_latest_only_with_trigger.py for tasks to queue
[2022-10-03T17:10:59.542-0400] {logging_mixin.py:117} INFO - [2022-10-03T17:10:59.541-0400] {dagbag.py:525} INFO - Filling up the DagBag from /Users/austin/Desktop/Link_Slack_Bot/venv/lib/python3.10/site-packages/airflow/example_dags/example_latest_only_with_trigger.py
[2022-10-03T17:10:59.562-0400] {processor.py:768} INFO - DAG(s) dict_keys(['latest_only_with_trigger']) retrieved from /Users/austin/Desktop/Link_Slack_Bot/venv/lib/python3.10/site-packages/airflow/example_dags/example_latest_only_with_trigger.py
[2022-10-03T17:10:59.693-0400] {logging_mixin.py:117} INFO - [2022-10-03T17:10:59.693-0400] {dag.py:2573} INFO - Sync 1 DAGs
[2022-10-03T17:10:59.707-0400] {logging_mixin.py:117} INFO - [2022-10-03T17:10:59.707-0400] {dag.py:3324} INFO - Setting next_dagrun for latest_only_with_trigger to 2022-10-03T17:10:59.707310+00:00, run_after=2022-10-03T21:10:59.707310+00:00
[2022-10-03T17:10:59.725-0400] {processor.py:178} INFO - Processing /Users/austin/Desktop/Link_Slack_Bot/venv/lib/python3.10/site-packages/airflow/example_dags/example_latest_only_with_trigger.py took 0.190 seconds
[2022-10-03T17:12:59.686-0400] {processor.py:156} INFO - Started process (PID=98764) to work on /Users/austin/Desktop/Link_Slack_Bot/venv/lib/python3.10/site-packages/airflow/example_dags/example_latest_only_with_trigger.py
[2022-10-03T17:12:59.691-0400] {processor.py:758} INFO - Processing file /Users/austin/Desktop/Link_Slack_Bot/venv/lib/python3.10/site-packages/airflow/example_dags/example_latest_only_with_trigger.py for tasks to queue
[2022-10-03T17:12:59.692-0400] {logging_mixin.py:117} INFO - [2022-10-03T17:12:59.692-0400] {dagbag.py:525} INFO - Filling up the DagBag from /Users/austin/Desktop/Link_Slack_Bot/venv/lib/python3.10/site-packages/airflow/example_dags/example_latest_only_with_trigger.py
[2022-10-03T17:12:59.713-0400] {processor.py:768} INFO - DAG(s) dict_keys(['latest_only_with_trigger']) retrieved from /Users/austin/Desktop/Link_Slack_Bot/venv/lib/python3.10/site-packages/airflow/example_dags/example_latest_only_with_trigger.py
[2022-10-03T17:12:59.852-0400] {logging_mixin.py:117} INFO - [2022-10-03T17:12:59.851-0400] {dag.py:2573} INFO - Sync 1 DAGs
[2022-10-03T17:12:59.863-0400] {logging_mixin.py:117} INFO - [2022-10-03T17:12:59.863-0400] {dag.py:3324} INFO - Setting next_dagrun for latest_only_with_trigger to 2022-10-03T17:12:59.863641+00:00, run_after=2022-10-03T21:12:59.863641+00:00
[2022-10-03T17:12:59.877-0400] {processor.py:178} INFO - Processing /Users/austin/Desktop/Link_Slack_Bot/venv/lib/python3.10/site-packages/airflow/example_dags/example_latest_only_with_trigger.py took 0.191 seconds
