[2022-10-03T17:07:57.640-0400] {processor.py:156} INFO - Started process (PID=86106) to work on /Users/austin/Desktop/Link_Slack_Bot/venv/lib/python3.10/site-packages/airflow/example_dags/example_xcomargs.py
[2022-10-03T17:07:57.645-0400] {processor.py:758} INFO - Processing file /Users/austin/Desktop/Link_Slack_Bot/venv/lib/python3.10/site-packages/airflow/example_dags/example_xcomargs.py for tasks to queue
[2022-10-03T17:07:57.646-0400] {logging_mixin.py:117} INFO - [2022-10-03T17:07:57.646-0400] {dagbag.py:525} INFO - Filling up the DagBag from /Users/austin/Desktop/Link_Slack_Bot/venv/lib/python3.10/site-packages/airflow/example_dags/example_xcomargs.py
[2022-10-03T17:07:57.689-0400] {processor.py:768} INFO - DAG(s) dict_keys(['example_xcom_args_with_operators', 'example_xcom_args']) retrieved from /Users/austin/Desktop/Link_Slack_Bot/venv/lib/python3.10/site-packages/airflow/example_dags/example_xcomargs.py
[2022-10-03T17:07:58.519-0400] {logging_mixin.py:117} INFO - [2022-10-03T17:07:58.519-0400] {manager.py:507} INFO - Created Permission View: can delete on DAG:example_xcom_args_with_operators
[2022-10-03T17:07:58.526-0400] {logging_mixin.py:117} INFO - [2022-10-03T17:07:58.526-0400] {manager.py:507} INFO - Created Permission View: can read on DAG:example_xcom_args_with_operators
[2022-10-03T17:07:58.531-0400] {logging_mixin.py:117} INFO - [2022-10-03T17:07:58.531-0400] {manager.py:507} INFO - Created Permission View: can edit on DAG:example_xcom_args_with_operators
[2022-10-03T17:07:58.543-0400] {logging_mixin.py:117} INFO - [2022-10-03T17:07:58.543-0400] {manager.py:507} INFO - Created Permission View: can delete on DAG:example_xcom_args
[2022-10-03T17:07:58.548-0400] {logging_mixin.py:117} INFO - [2022-10-03T17:07:58.548-0400] {manager.py:507} INFO - Created Permission View: can read on DAG:example_xcom_args
[2022-10-03T17:07:58.554-0400] {logging_mixin.py:117} INFO - [2022-10-03T17:07:58.553-0400] {manager.py:507} INFO - Created Permission View: can edit on DAG:example_xcom_args
[2022-10-03T17:07:58.554-0400] {logging_mixin.py:117} INFO - [2022-10-03T17:07:58.554-0400] {dag.py:2573} INFO - Sync 2 DAGs
[2022-10-03T17:07:58.563-0400] {logging_mixin.py:117} INFO - [2022-10-03T17:07:58.563-0400] {dag.py:2594} INFO - Creating ORM DAG for example_xcom_args_with_operators
[2022-10-03T17:07:58.563-0400] {logging_mixin.py:117} INFO - [2022-10-03T17:07:58.563-0400] {dag.py:2594} INFO - Creating ORM DAG for example_xcom_args
[2022-10-03T17:07:58.570-0400] {logging_mixin.py:117} INFO - [2022-10-03T17:07:58.570-0400] {dag.py:3324} INFO - Setting next_dagrun for example_xcom_args to None, run_after=None
[2022-10-03T17:07:58.571-0400] {logging_mixin.py:117} INFO - [2022-10-03T17:07:58.571-0400] {dag.py:3324} INFO - Setting next_dagrun for example_xcom_args_with_operators to None, run_after=None
[2022-10-03T17:07:58.589-0400] {processor.py:178} INFO - Processing /Users/austin/Desktop/Link_Slack_Bot/venv/lib/python3.10/site-packages/airflow/example_dags/example_xcomargs.py took 0.949 seconds
[2022-10-03T17:10:29.609-0400] {processor.py:156} INFO - Started process (PID=92477) to work on /Users/austin/Desktop/Link_Slack_Bot/venv/lib/python3.10/site-packages/airflow/example_dags/example_xcomargs.py
[2022-10-03T17:10:29.614-0400] {processor.py:758} INFO - Processing file /Users/austin/Desktop/Link_Slack_Bot/venv/lib/python3.10/site-packages/airflow/example_dags/example_xcomargs.py for tasks to queue
[2022-10-03T17:10:29.615-0400] {logging_mixin.py:117} INFO - [2022-10-03T17:10:29.614-0400] {dagbag.py:525} INFO - Filling up the DagBag from /Users/austin/Desktop/Link_Slack_Bot/venv/lib/python3.10/site-packages/airflow/example_dags/example_xcomargs.py
[2022-10-03T17:10:29.657-0400] {processor.py:768} INFO - DAG(s) dict_keys(['example_xcom_args', 'example_xcom_args_with_operators']) retrieved from /Users/austin/Desktop/Link_Slack_Bot/venv/lib/python3.10/site-packages/airflow/example_dags/example_xcomargs.py
[2022-10-03T17:10:29.781-0400] {logging_mixin.py:117} INFO - [2022-10-03T17:10:29.781-0400] {dag.py:2573} INFO - Sync 2 DAGs
[2022-10-03T17:10:29.796-0400] {logging_mixin.py:117} INFO - [2022-10-03T17:10:29.796-0400] {dag.py:3324} INFO - Setting next_dagrun for example_xcom_args to None, run_after=None
[2022-10-03T17:10:29.798-0400] {logging_mixin.py:117} INFO - [2022-10-03T17:10:29.798-0400] {dag.py:3324} INFO - Setting next_dagrun for example_xcom_args_with_operators to None, run_after=None
[2022-10-03T17:10:29.811-0400] {processor.py:178} INFO - Processing /Users/austin/Desktop/Link_Slack_Bot/venv/lib/python3.10/site-packages/airflow/example_dags/example_xcomargs.py took 0.203 seconds
[2022-10-03T17:12:09.927-0400] {processor.py:156} INFO - Started process (PID=96605) to work on /Users/austin/Desktop/Link_Slack_Bot/venv/lib/python3.10/site-packages/airflow/example_dags/example_xcomargs.py
[2022-10-03T17:12:09.933-0400] {processor.py:758} INFO - Processing file /Users/austin/Desktop/Link_Slack_Bot/venv/lib/python3.10/site-packages/airflow/example_dags/example_xcomargs.py for tasks to queue
[2022-10-03T17:12:09.934-0400] {logging_mixin.py:117} INFO - [2022-10-03T17:12:09.934-0400] {dagbag.py:525} INFO - Filling up the DagBag from /Users/austin/Desktop/Link_Slack_Bot/venv/lib/python3.10/site-packages/airflow/example_dags/example_xcomargs.py
[2022-10-03T17:12:09.984-0400] {processor.py:768} INFO - DAG(s) dict_keys(['example_xcom_args', 'example_xcom_args_with_operators']) retrieved from /Users/austin/Desktop/Link_Slack_Bot/venv/lib/python3.10/site-packages/airflow/example_dags/example_xcomargs.py
[2022-10-03T17:12:10.131-0400] {logging_mixin.py:117} INFO - [2022-10-03T17:12:10.131-0400] {dag.py:2573} INFO - Sync 2 DAGs
[2022-10-03T17:12:10.147-0400] {logging_mixin.py:117} INFO - [2022-10-03T17:12:10.147-0400] {dag.py:3324} INFO - Setting next_dagrun for example_xcom_args to None, run_after=None
[2022-10-03T17:12:10.149-0400] {logging_mixin.py:117} INFO - [2022-10-03T17:12:10.149-0400] {dag.py:3324} INFO - Setting next_dagrun for example_xcom_args_with_operators to None, run_after=None
[2022-10-03T17:12:10.162-0400] {processor.py:178} INFO - Processing /Users/austin/Desktop/Link_Slack_Bot/venv/lib/python3.10/site-packages/airflow/example_dags/example_xcomargs.py took 0.236 seconds
[2022-10-03T17:12:31.425-0400] {processor.py:156} INFO - Started process (PID=97544) to work on /Users/austin/Desktop/Link_Slack_Bot/venv/lib/python3.10/site-packages/airflow/example_dags/example_xcomargs.py
[2022-10-03T17:12:31.431-0400] {processor.py:758} INFO - Processing file /Users/austin/Desktop/Link_Slack_Bot/venv/lib/python3.10/site-packages/airflow/example_dags/example_xcomargs.py for tasks to queue
[2022-10-03T17:12:31.431-0400] {logging_mixin.py:117} INFO - [2022-10-03T17:12:31.431-0400] {dagbag.py:525} INFO - Filling up the DagBag from /Users/austin/Desktop/Link_Slack_Bot/venv/lib/python3.10/site-packages/airflow/example_dags/example_xcomargs.py
[2022-10-03T17:12:31.477-0400] {processor.py:768} INFO - DAG(s) dict_keys(['example_xcom_args', 'example_xcom_args_with_operators']) retrieved from /Users/austin/Desktop/Link_Slack_Bot/venv/lib/python3.10/site-packages/airflow/example_dags/example_xcomargs.py
[2022-10-03T17:12:31.646-0400] {logging_mixin.py:117} INFO - [2022-10-03T17:12:31.646-0400] {dag.py:2573} INFO - Sync 2 DAGs
[2022-10-03T17:12:31.665-0400] {logging_mixin.py:117} INFO - [2022-10-03T17:12:31.665-0400] {dag.py:3324} INFO - Setting next_dagrun for example_xcom_args to None, run_after=None
[2022-10-03T17:12:31.668-0400] {logging_mixin.py:117} INFO - [2022-10-03T17:12:31.668-0400] {dag.py:3324} INFO - Setting next_dagrun for example_xcom_args_with_operators to None, run_after=None
[2022-10-03T17:12:31.687-0400] {processor.py:178} INFO - Processing /Users/austin/Desktop/Link_Slack_Bot/venv/lib/python3.10/site-packages/airflow/example_dags/example_xcomargs.py took 0.263 seconds
