[2022-10-03T17:08:20.222-0400] {processor.py:156} INFO - Started process (PID=87077) to work on /Users/austin/Desktop/Link_Slack_Bot/venv/lib/python3.10/site-packages/airflow/example_dags/example_sla_dag.py
[2022-10-03T17:08:20.227-0400] {processor.py:758} INFO - Processing file /Users/austin/Desktop/Link_Slack_Bot/venv/lib/python3.10/site-packages/airflow/example_dags/example_sla_dag.py for tasks to queue
[2022-10-03T17:08:20.227-0400] {logging_mixin.py:117} INFO - [2022-10-03T17:08:20.227-0400] {dagbag.py:525} INFO - Filling up the DagBag from /Users/austin/Desktop/Link_Slack_Bot/venv/lib/python3.10/site-packages/airflow/example_dags/example_sla_dag.py
[2022-10-03T17:08:20.272-0400] {processor.py:768} INFO - DAG(s) dict_keys(['example_sla_dag']) retrieved from /Users/austin/Desktop/Link_Slack_Bot/venv/lib/python3.10/site-packages/airflow/example_dags/example_sla_dag.py
[2022-10-03T17:08:21.070-0400] {logging_mixin.py:117} INFO - [2022-10-03T17:08:21.070-0400] {manager.py:507} INFO - Created Permission View: can delete on DAG:example_sla_dag
[2022-10-03T17:08:21.076-0400] {logging_mixin.py:117} INFO - [2022-10-03T17:08:21.076-0400] {manager.py:507} INFO - Created Permission View: can read on DAG:example_sla_dag
[2022-10-03T17:08:21.081-0400] {logging_mixin.py:117} INFO - [2022-10-03T17:08:21.081-0400] {manager.py:507} INFO - Created Permission View: can edit on DAG:example_sla_dag
[2022-10-03T17:08:21.082-0400] {logging_mixin.py:117} INFO - [2022-10-03T17:08:21.081-0400] {dag.py:2573} INFO - Sync 1 DAGs
[2022-10-03T17:08:21.090-0400] {logging_mixin.py:117} INFO - [2022-10-03T17:08:21.090-0400] {dag.py:2594} INFO - Creating ORM DAG for example_sla_dag
[2022-10-03T17:08:21.099-0400] {logging_mixin.py:117} INFO - [2022-10-03T17:08:21.099-0400] {dag.py:3324} INFO - Setting next_dagrun for example_sla_dag to 2022-10-03T21:06:00+00:00, run_after=2022-10-03T21:08:00+00:00
[2022-10-03T17:08:21.111-0400] {processor.py:178} INFO - Processing /Users/austin/Desktop/Link_Slack_Bot/venv/lib/python3.10/site-packages/airflow/example_dags/example_sla_dag.py took 0.890 seconds
[2022-10-03T17:10:44.931-0400] {processor.py:156} INFO - Started process (PID=93140) to work on /Users/austin/Desktop/Link_Slack_Bot/venv/lib/python3.10/site-packages/airflow/example_dags/example_sla_dag.py
[2022-10-03T17:10:44.936-0400] {processor.py:758} INFO - Processing file /Users/austin/Desktop/Link_Slack_Bot/venv/lib/python3.10/site-packages/airflow/example_dags/example_sla_dag.py for tasks to queue
[2022-10-03T17:10:44.937-0400] {logging_mixin.py:117} INFO - [2022-10-03T17:10:44.937-0400] {dagbag.py:525} INFO - Filling up the DagBag from /Users/austin/Desktop/Link_Slack_Bot/venv/lib/python3.10/site-packages/airflow/example_dags/example_sla_dag.py
[2022-10-03T17:10:44.980-0400] {processor.py:768} INFO - DAG(s) dict_keys(['example_sla_dag']) retrieved from /Users/austin/Desktop/Link_Slack_Bot/venv/lib/python3.10/site-packages/airflow/example_dags/example_sla_dag.py
[2022-10-03T17:10:45.118-0400] {logging_mixin.py:117} INFO - [2022-10-03T17:10:45.118-0400] {dag.py:2573} INFO - Sync 1 DAGs
[2022-10-03T17:10:45.136-0400] {logging_mixin.py:117} INFO - [2022-10-03T17:10:45.136-0400] {dag.py:3324} INFO - Setting next_dagrun for example_sla_dag to 2022-10-03T21:08:00+00:00, run_after=2022-10-03T21:10:00+00:00
[2022-10-03T17:10:45.151-0400] {processor.py:178} INFO - Processing /Users/austin/Desktop/Link_Slack_Bot/venv/lib/python3.10/site-packages/airflow/example_dags/example_sla_dag.py took 0.221 seconds
[2022-10-03T17:12:46.475-0400] {processor.py:156} INFO - Started process (PID=98194) to work on /Users/austin/Desktop/Link_Slack_Bot/venv/lib/python3.10/site-packages/airflow/example_dags/example_sla_dag.py
[2022-10-03T17:12:46.481-0400] {processor.py:758} INFO - Processing file /Users/austin/Desktop/Link_Slack_Bot/venv/lib/python3.10/site-packages/airflow/example_dags/example_sla_dag.py for tasks to queue
[2022-10-03T17:12:46.482-0400] {logging_mixin.py:117} INFO - [2022-10-03T17:12:46.481-0400] {dagbag.py:525} INFO - Filling up the DagBag from /Users/austin/Desktop/Link_Slack_Bot/venv/lib/python3.10/site-packages/airflow/example_dags/example_sla_dag.py
[2022-10-03T17:12:46.527-0400] {processor.py:768} INFO - DAG(s) dict_keys(['example_sla_dag']) retrieved from /Users/austin/Desktop/Link_Slack_Bot/venv/lib/python3.10/site-packages/airflow/example_dags/example_sla_dag.py
[2022-10-03T17:12:46.671-0400] {logging_mixin.py:117} INFO - [2022-10-03T17:12:46.671-0400] {dag.py:2573} INFO - Sync 1 DAGs
[2022-10-03T17:12:46.689-0400] {logging_mixin.py:117} INFO - [2022-10-03T17:12:46.689-0400] {dag.py:3324} INFO - Setting next_dagrun for example_sla_dag to 2022-10-03T21:10:00+00:00, run_after=2022-10-03T21:12:00+00:00
[2022-10-03T17:12:46.703-0400] {processor.py:178} INFO - Processing /Users/austin/Desktop/Link_Slack_Bot/venv/lib/python3.10/site-packages/airflow/example_dags/example_sla_dag.py took 0.228 seconds
