[2022-10-03T17:08:31.346-0400] {processor.py:156} INFO - Started process (PID=87589) to work on /Users/austin/Desktop/Link_Slack_Bot/venv/lib/python3.10/site-packages/airflow/example_dags/example_python_operator.py
[2022-10-03T17:08:31.351-0400] {processor.py:758} INFO - Processing file /Users/austin/Desktop/Link_Slack_Bot/venv/lib/python3.10/site-packages/airflow/example_dags/example_python_operator.py for tasks to queue
[2022-10-03T17:08:31.351-0400] {logging_mixin.py:117} INFO - [2022-10-03T17:08:31.351-0400] {dagbag.py:525} INFO - Filling up the DagBag from /Users/austin/Desktop/Link_Slack_Bot/venv/lib/python3.10/site-packages/airflow/example_dags/example_python_operator.py
[2022-10-03T17:08:31.396-0400] {processor.py:768} INFO - DAG(s) dict_keys(['example_python_operator']) retrieved from /Users/austin/Desktop/Link_Slack_Bot/venv/lib/python3.10/site-packages/airflow/example_dags/example_python_operator.py
[2022-10-03T17:08:32.199-0400] {logging_mixin.py:117} INFO - [2022-10-03T17:08:32.199-0400] {manager.py:507} INFO - Created Permission View: can read on DAG:example_python_operator
[2022-10-03T17:08:32.206-0400] {logging_mixin.py:117} INFO - [2022-10-03T17:08:32.206-0400] {manager.py:507} INFO - Created Permission View: can delete on DAG:example_python_operator
[2022-10-03T17:08:32.213-0400] {logging_mixin.py:117} INFO - [2022-10-03T17:08:32.212-0400] {manager.py:507} INFO - Created Permission View: can edit on DAG:example_python_operator
[2022-10-03T17:08:32.213-0400] {logging_mixin.py:117} INFO - [2022-10-03T17:08:32.213-0400] {dag.py:2573} INFO - Sync 1 DAGs
[2022-10-03T17:08:32.224-0400] {logging_mixin.py:117} INFO - [2022-10-03T17:08:32.224-0400] {dag.py:2594} INFO - Creating ORM DAG for example_python_operator
[2022-10-03T17:08:32.232-0400] {logging_mixin.py:117} INFO - [2022-10-03T17:08:32.232-0400] {dag.py:3324} INFO - Setting next_dagrun for example_python_operator to None, run_after=None
[2022-10-03T17:08:32.248-0400] {processor.py:178} INFO - Processing /Users/austin/Desktop/Link_Slack_Bot/venv/lib/python3.10/site-packages/airflow/example_dags/example_python_operator.py took 0.903 seconds
[2022-10-03T17:10:52.027-0400] {processor.py:156} INFO - Started process (PID=93434) to work on /Users/austin/Desktop/Link_Slack_Bot/venv/lib/python3.10/site-packages/airflow/example_dags/example_python_operator.py
[2022-10-03T17:10:52.032-0400] {processor.py:758} INFO - Processing file /Users/austin/Desktop/Link_Slack_Bot/venv/lib/python3.10/site-packages/airflow/example_dags/example_python_operator.py for tasks to queue
[2022-10-03T17:10:52.032-0400] {logging_mixin.py:117} INFO - [2022-10-03T17:10:52.032-0400] {dagbag.py:525} INFO - Filling up the DagBag from /Users/austin/Desktop/Link_Slack_Bot/venv/lib/python3.10/site-packages/airflow/example_dags/example_python_operator.py
[2022-10-03T17:10:52.074-0400] {processor.py:768} INFO - DAG(s) dict_keys(['example_python_operator']) retrieved from /Users/austin/Desktop/Link_Slack_Bot/venv/lib/python3.10/site-packages/airflow/example_dags/example_python_operator.py
[2022-10-03T17:10:52.198-0400] {logging_mixin.py:117} INFO - [2022-10-03T17:10:52.198-0400] {dag.py:2573} INFO - Sync 1 DAGs
[2022-10-03T17:10:52.213-0400] {logging_mixin.py:117} INFO - [2022-10-03T17:10:52.213-0400] {dag.py:3324} INFO - Setting next_dagrun for example_python_operator to None, run_after=None
[2022-10-03T17:10:52.230-0400] {processor.py:178} INFO - Processing /Users/austin/Desktop/Link_Slack_Bot/venv/lib/python3.10/site-packages/airflow/example_dags/example_python_operator.py took 0.203 seconds
[2022-10-03T17:12:52.332-0400] {processor.py:156} INFO - Started process (PID=98464) to work on /Users/austin/Desktop/Link_Slack_Bot/venv/lib/python3.10/site-packages/airflow/example_dags/example_python_operator.py
[2022-10-03T17:12:52.337-0400] {processor.py:758} INFO - Processing file /Users/austin/Desktop/Link_Slack_Bot/venv/lib/python3.10/site-packages/airflow/example_dags/example_python_operator.py for tasks to queue
[2022-10-03T17:12:52.338-0400] {logging_mixin.py:117} INFO - [2022-10-03T17:12:52.338-0400] {dagbag.py:525} INFO - Filling up the DagBag from /Users/austin/Desktop/Link_Slack_Bot/venv/lib/python3.10/site-packages/airflow/example_dags/example_python_operator.py
[2022-10-03T17:12:52.381-0400] {processor.py:768} INFO - DAG(s) dict_keys(['example_python_operator']) retrieved from /Users/austin/Desktop/Link_Slack_Bot/venv/lib/python3.10/site-packages/airflow/example_dags/example_python_operator.py
[2022-10-03T17:12:52.504-0400] {logging_mixin.py:117} INFO - [2022-10-03T17:12:52.503-0400] {dag.py:2573} INFO - Sync 1 DAGs
[2022-10-03T17:12:52.518-0400] {logging_mixin.py:117} INFO - [2022-10-03T17:12:52.518-0400] {dag.py:3324} INFO - Setting next_dagrun for example_python_operator to None, run_after=None
[2022-10-03T17:12:52.532-0400] {processor.py:178} INFO - Processing /Users/austin/Desktop/Link_Slack_Bot/venv/lib/python3.10/site-packages/airflow/example_dags/example_python_operator.py took 0.201 seconds
