[2022-10-03T17:09:13.502-0400] {processor.py:156} INFO - Started process (PID=89409) to work on /Users/austin/Desktop/Link_Slack_Bot/venv/lib/python3.10/site-packages/airflow/example_dags/example_branch_datetime_operator.py
[2022-10-03T17:09:13.508-0400] {processor.py:758} INFO - Processing file /Users/austin/Desktop/Link_Slack_Bot/venv/lib/python3.10/site-packages/airflow/example_dags/example_branch_datetime_operator.py for tasks to queue
[2022-10-03T17:09:13.508-0400] {logging_mixin.py:117} INFO - [2022-10-03T17:09:13.508-0400] {dagbag.py:525} INFO - Filling up the DagBag from /Users/austin/Desktop/Link_Slack_Bot/venv/lib/python3.10/site-packages/airflow/example_dags/example_branch_datetime_operator.py
[2022-10-03T17:09:13.538-0400] {processor.py:768} INFO - DAG(s) dict_keys(['example_branch_datetime_operator', 'example_branch_datetime_operator_3', 'example_branch_datetime_operator_2']) retrieved from /Users/austin/Desktop/Link_Slack_Bot/venv/lib/python3.10/site-packages/airflow/example_dags/example_branch_datetime_operator.py
[2022-10-03T17:09:14.484-0400] {logging_mixin.py:117} INFO - [2022-10-03T17:09:14.484-0400] {manager.py:507} INFO - Created Permission View: can read on DAG:example_branch_datetime_operator
[2022-10-03T17:09:14.491-0400] {logging_mixin.py:117} INFO - [2022-10-03T17:09:14.491-0400] {manager.py:507} INFO - Created Permission View: can edit on DAG:example_branch_datetime_operator
[2022-10-03T17:09:14.496-0400] {logging_mixin.py:117} INFO - [2022-10-03T17:09:14.496-0400] {manager.py:507} INFO - Created Permission View: can delete on DAG:example_branch_datetime_operator
[2022-10-03T17:09:14.507-0400] {logging_mixin.py:117} INFO - [2022-10-03T17:09:14.507-0400] {manager.py:507} INFO - Created Permission View: can read on DAG:example_branch_datetime_operator_3
[2022-10-03T17:09:14.512-0400] {logging_mixin.py:117} INFO - [2022-10-03T17:09:14.512-0400] {manager.py:507} INFO - Created Permission View: can edit on DAG:example_branch_datetime_operator_3
[2022-10-03T17:09:14.518-0400] {logging_mixin.py:117} INFO - [2022-10-03T17:09:14.517-0400] {manager.py:507} INFO - Created Permission View: can delete on DAG:example_branch_datetime_operator_3
[2022-10-03T17:09:14.528-0400] {logging_mixin.py:117} INFO - [2022-10-03T17:09:14.528-0400] {manager.py:507} INFO - Created Permission View: can read on DAG:example_branch_datetime_operator_2
[2022-10-03T17:09:14.534-0400] {logging_mixin.py:117} INFO - [2022-10-03T17:09:14.533-0400] {manager.py:507} INFO - Created Permission View: can edit on DAG:example_branch_datetime_operator_2
[2022-10-03T17:09:14.539-0400] {logging_mixin.py:117} INFO - [2022-10-03T17:09:14.539-0400] {manager.py:507} INFO - Created Permission View: can delete on DAG:example_branch_datetime_operator_2
[2022-10-03T17:09:14.540-0400] {logging_mixin.py:117} INFO - [2022-10-03T17:09:14.539-0400] {dag.py:2573} INFO - Sync 3 DAGs
[2022-10-03T17:09:14.549-0400] {logging_mixin.py:117} INFO - [2022-10-03T17:09:14.549-0400] {dag.py:2594} INFO - Creating ORM DAG for example_branch_datetime_operator
[2022-10-03T17:09:14.550-0400] {logging_mixin.py:117} INFO - [2022-10-03T17:09:14.549-0400] {dag.py:2594} INFO - Creating ORM DAG for example_branch_datetime_operator_2
[2022-10-03T17:09:14.550-0400] {logging_mixin.py:117} INFO - [2022-10-03T17:09:14.550-0400] {dag.py:2594} INFO - Creating ORM DAG for example_branch_datetime_operator_3
[2022-10-03T17:09:14.558-0400] {logging_mixin.py:117} INFO - [2022-10-03T17:09:14.558-0400] {dag.py:3324} INFO - Setting next_dagrun for example_branch_datetime_operator to 2022-10-02T00:00:00+00:00, run_after=2022-10-03T00:00:00+00:00
[2022-10-03T17:09:14.560-0400] {logging_mixin.py:117} INFO - [2022-10-03T17:09:14.560-0400] {dag.py:3324} INFO - Setting next_dagrun for example_branch_datetime_operator_2 to 2022-10-02T00:00:00+00:00, run_after=2022-10-03T00:00:00+00:00
[2022-10-03T17:09:14.562-0400] {logging_mixin.py:117} INFO - [2022-10-03T17:09:14.562-0400] {dag.py:3324} INFO - Setting next_dagrun for example_branch_datetime_operator_3 to 2022-10-02T00:00:00+00:00, run_after=2022-10-03T00:00:00+00:00
[2022-10-03T17:09:14.578-0400] {processor.py:178} INFO - Processing /Users/austin/Desktop/Link_Slack_Bot/venv/lib/python3.10/site-packages/airflow/example_dags/example_branch_datetime_operator.py took 1.077 seconds
[2022-10-03T17:11:22.478-0400] {processor.py:156} INFO - Started process (PID=94705) to work on /Users/austin/Desktop/Link_Slack_Bot/venv/lib/python3.10/site-packages/airflow/example_dags/example_branch_datetime_operator.py
[2022-10-03T17:11:22.483-0400] {processor.py:758} INFO - Processing file /Users/austin/Desktop/Link_Slack_Bot/venv/lib/python3.10/site-packages/airflow/example_dags/example_branch_datetime_operator.py for tasks to queue
[2022-10-03T17:11:22.484-0400] {logging_mixin.py:117} INFO - [2022-10-03T17:11:22.484-0400] {dagbag.py:525} INFO - Filling up the DagBag from /Users/austin/Desktop/Link_Slack_Bot/venv/lib/python3.10/site-packages/airflow/example_dags/example_branch_datetime_operator.py
[2022-10-03T17:11:22.509-0400] {processor.py:768} INFO - DAG(s) dict_keys(['example_branch_datetime_operator_3', 'example_branch_datetime_operator', 'example_branch_datetime_operator_2']) retrieved from /Users/austin/Desktop/Link_Slack_Bot/venv/lib/python3.10/site-packages/airflow/example_dags/example_branch_datetime_operator.py
[2022-10-03T17:11:22.647-0400] {logging_mixin.py:117} INFO - [2022-10-03T17:11:22.647-0400] {dag.py:2573} INFO - Sync 3 DAGs
[2022-10-03T17:11:22.663-0400] {logging_mixin.py:117} INFO - [2022-10-03T17:11:22.663-0400] {dag.py:3324} INFO - Setting next_dagrun for example_branch_datetime_operator to 2022-10-02T00:00:00+00:00, run_after=2022-10-03T00:00:00+00:00
[2022-10-03T17:11:22.666-0400] {logging_mixin.py:117} INFO - [2022-10-03T17:11:22.666-0400] {dag.py:3324} INFO - Setting next_dagrun for example_branch_datetime_operator_2 to 2022-10-02T00:00:00+00:00, run_after=2022-10-03T00:00:00+00:00
[2022-10-03T17:11:22.668-0400] {logging_mixin.py:117} INFO - [2022-10-03T17:11:22.668-0400] {dag.py:3324} INFO - Setting next_dagrun for example_branch_datetime_operator_3 to 2022-10-02T00:00:00+00:00, run_after=2022-10-03T00:00:00+00:00
[2022-10-03T17:11:22.683-0400] {processor.py:178} INFO - Processing /Users/austin/Desktop/Link_Slack_Bot/venv/lib/python3.10/site-packages/airflow/example_dags/example_branch_datetime_operator.py took 0.206 seconds
