[2022-10-03T17:08:58.337-0400] {processor.py:156} INFO - Started process (PID=88722) to work on /Users/austin/Desktop/Link_Slack_Bot/venv/lib/python3.10/site-packages/airflow/example_dags/example_complex.py
[2022-10-03T17:08:58.343-0400] {processor.py:758} INFO - Processing file /Users/austin/Desktop/Link_Slack_Bot/venv/lib/python3.10/site-packages/airflow/example_dags/example_complex.py for tasks to queue
[2022-10-03T17:08:58.344-0400] {logging_mixin.py:117} INFO - [2022-10-03T17:08:58.344-0400] {dagbag.py:525} INFO - Filling up the DagBag from /Users/austin/Desktop/Link_Slack_Bot/venv/lib/python3.10/site-packages/airflow/example_dags/example_complex.py
[2022-10-03T17:08:58.375-0400] {processor.py:768} INFO - DAG(s) dict_keys(['example_complex']) retrieved from /Users/austin/Desktop/Link_Slack_Bot/venv/lib/python3.10/site-packages/airflow/example_dags/example_complex.py
[2022-10-03T17:08:59.409-0400] {logging_mixin.py:117} INFO - [2022-10-03T17:08:59.409-0400] {manager.py:507} INFO - Created Permission View: can delete on DAG:example_complex
[2022-10-03T17:08:59.417-0400] {logging_mixin.py:117} INFO - [2022-10-03T17:08:59.416-0400] {manager.py:507} INFO - Created Permission View: can edit on DAG:example_complex
[2022-10-03T17:08:59.425-0400] {logging_mixin.py:117} INFO - [2022-10-03T17:08:59.425-0400] {manager.py:507} INFO - Created Permission View: can read on DAG:example_complex
[2022-10-03T17:08:59.425-0400] {logging_mixin.py:117} INFO - [2022-10-03T17:08:59.425-0400] {dag.py:2573} INFO - Sync 1 DAGs
[2022-10-03T17:08:59.436-0400] {logging_mixin.py:117} INFO - [2022-10-03T17:08:59.436-0400] {dag.py:2594} INFO - Creating ORM DAG for example_complex
[2022-10-03T17:08:59.444-0400] {logging_mixin.py:117} INFO - [2022-10-03T17:08:59.444-0400] {dag.py:3324} INFO - Setting next_dagrun for example_complex to None, run_after=None
[2022-10-03T17:08:59.462-0400] {processor.py:178} INFO - Processing /Users/austin/Desktop/Link_Slack_Bot/venv/lib/python3.10/site-packages/airflow/example_dags/example_complex.py took 1.125 seconds
[2022-10-03T17:11:11.499-0400] {processor.py:156} INFO - Started process (PID=94248) to work on /Users/austin/Desktop/Link_Slack_Bot/venv/lib/python3.10/site-packages/airflow/example_dags/example_complex.py
[2022-10-03T17:11:11.505-0400] {processor.py:758} INFO - Processing file /Users/austin/Desktop/Link_Slack_Bot/venv/lib/python3.10/site-packages/airflow/example_dags/example_complex.py for tasks to queue
[2022-10-03T17:11:11.506-0400] {logging_mixin.py:117} INFO - [2022-10-03T17:11:11.506-0400] {dagbag.py:525} INFO - Filling up the DagBag from /Users/austin/Desktop/Link_Slack_Bot/venv/lib/python3.10/site-packages/airflow/example_dags/example_complex.py
[2022-10-03T17:11:11.533-0400] {processor.py:768} INFO - DAG(s) dict_keys(['example_complex']) retrieved from /Users/austin/Desktop/Link_Slack_Bot/venv/lib/python3.10/site-packages/airflow/example_dags/example_complex.py
[2022-10-03T17:11:11.691-0400] {logging_mixin.py:117} INFO - [2022-10-03T17:11:11.691-0400] {dag.py:2573} INFO - Sync 1 DAGs
[2022-10-03T17:11:11.706-0400] {logging_mixin.py:117} INFO - [2022-10-03T17:11:11.706-0400] {dag.py:3324} INFO - Setting next_dagrun for example_complex to None, run_after=None
[2022-10-03T17:11:11.723-0400] {processor.py:178} INFO - Processing /Users/austin/Desktop/Link_Slack_Bot/venv/lib/python3.10/site-packages/airflow/example_dags/example_complex.py took 0.224 seconds
[2022-10-03T17:13:11.864-0400] {processor.py:156} INFO - Started process (PID=99277) to work on /Users/austin/Desktop/Link_Slack_Bot/venv/lib/python3.10/site-packages/airflow/example_dags/example_complex.py
[2022-10-03T17:13:11.869-0400] {processor.py:758} INFO - Processing file /Users/austin/Desktop/Link_Slack_Bot/venv/lib/python3.10/site-packages/airflow/example_dags/example_complex.py for tasks to queue
[2022-10-03T17:13:11.869-0400] {logging_mixin.py:117} INFO - [2022-10-03T17:13:11.869-0400] {dagbag.py:525} INFO - Filling up the DagBag from /Users/austin/Desktop/Link_Slack_Bot/venv/lib/python3.10/site-packages/airflow/example_dags/example_complex.py
[2022-10-03T17:13:11.892-0400] {processor.py:768} INFO - DAG(s) dict_keys(['example_complex']) retrieved from /Users/austin/Desktop/Link_Slack_Bot/venv/lib/python3.10/site-packages/airflow/example_dags/example_complex.py
[2022-10-03T17:13:12.027-0400] {logging_mixin.py:117} INFO - [2022-10-03T17:13:12.026-0400] {dag.py:2573} INFO - Sync 1 DAGs
[2022-10-03T17:13:12.042-0400] {logging_mixin.py:117} INFO - [2022-10-03T17:13:12.041-0400] {dag.py:3324} INFO - Setting next_dagrun for example_complex to None, run_after=None
[2022-10-03T17:13:12.058-0400] {processor.py:178} INFO - Processing /Users/austin/Desktop/Link_Slack_Bot/venv/lib/python3.10/site-packages/airflow/example_dags/example_complex.py took 0.195 seconds
