[2022-10-03T17:08:37.596-0400] {processor.py:156} INFO - Started process (PID=87846) to work on /Users/austin/Desktop/Link_Slack_Bot/venv/lib/python3.10/site-packages/airflow/example_dags/example_nested_branch_dag.py
[2022-10-03T17:08:37.602-0400] {processor.py:758} INFO - Processing file /Users/austin/Desktop/Link_Slack_Bot/venv/lib/python3.10/site-packages/airflow/example_dags/example_nested_branch_dag.py for tasks to queue
[2022-10-03T17:08:37.603-0400] {logging_mixin.py:117} INFO - [2022-10-03T17:08:37.603-0400] {dagbag.py:525} INFO - Filling up the DagBag from /Users/austin/Desktop/Link_Slack_Bot/venv/lib/python3.10/site-packages/airflow/example_dags/example_nested_branch_dag.py
[2022-10-03T17:08:37.653-0400] {processor.py:768} INFO - DAG(s) dict_keys(['example_nested_branch_dag']) retrieved from /Users/austin/Desktop/Link_Slack_Bot/venv/lib/python3.10/site-packages/airflow/example_dags/example_nested_branch_dag.py
[2022-10-03T17:08:38.603-0400] {logging_mixin.py:117} INFO - [2022-10-03T17:08:38.603-0400] {manager.py:507} INFO - Created Permission View: can read on DAG:example_nested_branch_dag
[2022-10-03T17:08:38.611-0400] {logging_mixin.py:117} INFO - [2022-10-03T17:08:38.611-0400] {manager.py:507} INFO - Created Permission View: can edit on DAG:example_nested_branch_dag
[2022-10-03T17:08:38.617-0400] {logging_mixin.py:117} INFO - [2022-10-03T17:08:38.616-0400] {manager.py:507} INFO - Created Permission View: can delete on DAG:example_nested_branch_dag
[2022-10-03T17:08:38.617-0400] {logging_mixin.py:117} INFO - [2022-10-03T17:08:38.617-0400] {dag.py:2573} INFO - Sync 1 DAGs
[2022-10-03T17:08:38.628-0400] {logging_mixin.py:117} INFO - [2022-10-03T17:08:38.628-0400] {dag.py:2594} INFO - Creating ORM DAG for example_nested_branch_dag
[2022-10-03T17:08:38.637-0400] {logging_mixin.py:117} INFO - [2022-10-03T17:08:38.637-0400] {dag.py:3324} INFO - Setting next_dagrun for example_nested_branch_dag to 2022-10-02T00:00:00+00:00, run_after=2022-10-03T00:00:00+00:00
[2022-10-03T17:08:38.655-0400] {processor.py:178} INFO - Processing /Users/austin/Desktop/Link_Slack_Bot/venv/lib/python3.10/site-packages/airflow/example_dags/example_nested_branch_dag.py took 1.059 seconds
[2022-10-03T17:10:55.822-0400] {processor.py:156} INFO - Started process (PID=93606) to work on /Users/austin/Desktop/Link_Slack_Bot/venv/lib/python3.10/site-packages/airflow/example_dags/example_nested_branch_dag.py
[2022-10-03T17:10:55.827-0400] {processor.py:758} INFO - Processing file /Users/austin/Desktop/Link_Slack_Bot/venv/lib/python3.10/site-packages/airflow/example_dags/example_nested_branch_dag.py for tasks to queue
[2022-10-03T17:10:55.828-0400] {logging_mixin.py:117} INFO - [2022-10-03T17:10:55.827-0400] {dagbag.py:525} INFO - Filling up the DagBag from /Users/austin/Desktop/Link_Slack_Bot/venv/lib/python3.10/site-packages/airflow/example_dags/example_nested_branch_dag.py
[2022-10-03T17:10:55.869-0400] {processor.py:768} INFO - DAG(s) dict_keys(['example_nested_branch_dag']) retrieved from /Users/austin/Desktop/Link_Slack_Bot/venv/lib/python3.10/site-packages/airflow/example_dags/example_nested_branch_dag.py
[2022-10-03T17:10:55.998-0400] {logging_mixin.py:117} INFO - [2022-10-03T17:10:55.998-0400] {dag.py:2573} INFO - Sync 1 DAGs
[2022-10-03T17:10:56.015-0400] {logging_mixin.py:117} INFO - [2022-10-03T17:10:56.014-0400] {dag.py:3324} INFO - Setting next_dagrun for example_nested_branch_dag to 2022-10-02T00:00:00+00:00, run_after=2022-10-03T00:00:00+00:00
[2022-10-03T17:10:56.029-0400] {processor.py:178} INFO - Processing /Users/austin/Desktop/Link_Slack_Bot/venv/lib/python3.10/site-packages/airflow/example_dags/example_nested_branch_dag.py took 0.208 seconds
[2022-10-03T17:12:56.054-0400] {processor.py:156} INFO - Started process (PID=98614) to work on /Users/austin/Desktop/Link_Slack_Bot/venv/lib/python3.10/site-packages/airflow/example_dags/example_nested_branch_dag.py
[2022-10-03T17:12:56.059-0400] {processor.py:758} INFO - Processing file /Users/austin/Desktop/Link_Slack_Bot/venv/lib/python3.10/site-packages/airflow/example_dags/example_nested_branch_dag.py for tasks to queue
[2022-10-03T17:12:56.059-0400] {logging_mixin.py:117} INFO - [2022-10-03T17:12:56.059-0400] {dagbag.py:525} INFO - Filling up the DagBag from /Users/austin/Desktop/Link_Slack_Bot/venv/lib/python3.10/site-packages/airflow/example_dags/example_nested_branch_dag.py
[2022-10-03T17:12:56.101-0400] {processor.py:768} INFO - DAG(s) dict_keys(['example_nested_branch_dag']) retrieved from /Users/austin/Desktop/Link_Slack_Bot/venv/lib/python3.10/site-packages/airflow/example_dags/example_nested_branch_dag.py
[2022-10-03T17:12:56.225-0400] {logging_mixin.py:117} INFO - [2022-10-03T17:12:56.224-0400] {dag.py:2573} INFO - Sync 1 DAGs
[2022-10-03T17:12:56.238-0400] {logging_mixin.py:117} INFO - [2022-10-03T17:12:56.238-0400] {dag.py:3324} INFO - Setting next_dagrun for example_nested_branch_dag to 2022-10-02T00:00:00+00:00, run_after=2022-10-03T00:00:00+00:00
[2022-10-03T17:12:56.252-0400] {processor.py:178} INFO - Processing /Users/austin/Desktop/Link_Slack_Bot/venv/lib/python3.10/site-packages/airflow/example_dags/example_nested_branch_dag.py took 0.198 seconds
