[2022-10-03T17:08:25.688-0400] {processor.py:156} INFO - Started process (PID=87333) to work on /Users/austin/Desktop/Link_Slack_Bot/venv/lib/python3.10/site-packages/airflow/example_dags/example_short_circuit_operator.py
[2022-10-03T17:08:25.693-0400] {processor.py:758} INFO - Processing file /Users/austin/Desktop/Link_Slack_Bot/venv/lib/python3.10/site-packages/airflow/example_dags/example_short_circuit_operator.py for tasks to queue
[2022-10-03T17:08:25.694-0400] {logging_mixin.py:117} INFO - [2022-10-03T17:08:25.694-0400] {dagbag.py:525} INFO - Filling up the DagBag from /Users/austin/Desktop/Link_Slack_Bot/venv/lib/python3.10/site-packages/airflow/example_dags/example_short_circuit_operator.py
[2022-10-03T17:08:25.729-0400] {processor.py:768} INFO - DAG(s) dict_keys(['example_short_circuit_operator']) retrieved from /Users/austin/Desktop/Link_Slack_Bot/venv/lib/python3.10/site-packages/airflow/example_dags/example_short_circuit_operator.py
[2022-10-03T17:08:26.590-0400] {logging_mixin.py:117} INFO - [2022-10-03T17:08:26.590-0400] {manager.py:507} INFO - Created Permission View: can read on DAG:example_short_circuit_operator
[2022-10-03T17:08:26.596-0400] {logging_mixin.py:117} INFO - [2022-10-03T17:08:26.596-0400] {manager.py:507} INFO - Created Permission View: can edit on DAG:example_short_circuit_operator
[2022-10-03T17:08:26.602-0400] {logging_mixin.py:117} INFO - [2022-10-03T17:08:26.602-0400] {manager.py:507} INFO - Created Permission View: can delete on DAG:example_short_circuit_operator
[2022-10-03T17:08:26.602-0400] {logging_mixin.py:117} INFO - [2022-10-03T17:08:26.602-0400] {dag.py:2573} INFO - Sync 1 DAGs
[2022-10-03T17:08:26.611-0400] {logging_mixin.py:117} INFO - [2022-10-03T17:08:26.610-0400] {dag.py:2594} INFO - Creating ORM DAG for example_short_circuit_operator
[2022-10-03T17:08:26.617-0400] {logging_mixin.py:117} INFO - [2022-10-03T17:08:26.617-0400] {dag.py:3324} INFO - Setting next_dagrun for example_short_circuit_operator to 2022-10-02T21:08:26.617556+00:00, run_after=2022-10-03T21:08:26.617556+00:00
[2022-10-03T17:08:26.633-0400] {processor.py:178} INFO - Processing /Users/austin/Desktop/Link_Slack_Bot/venv/lib/python3.10/site-packages/airflow/example_dags/example_short_circuit_operator.py took 0.945 seconds
[2022-10-03T17:10:49.003-0400] {processor.py:156} INFO - Started process (PID=93309) to work on /Users/austin/Desktop/Link_Slack_Bot/venv/lib/python3.10/site-packages/airflow/example_dags/example_short_circuit_operator.py
[2022-10-03T17:10:49.008-0400] {processor.py:758} INFO - Processing file /Users/austin/Desktop/Link_Slack_Bot/venv/lib/python3.10/site-packages/airflow/example_dags/example_short_circuit_operator.py for tasks to queue
[2022-10-03T17:10:49.008-0400] {logging_mixin.py:117} INFO - [2022-10-03T17:10:49.008-0400] {dagbag.py:525} INFO - Filling up the DagBag from /Users/austin/Desktop/Link_Slack_Bot/venv/lib/python3.10/site-packages/airflow/example_dags/example_short_circuit_operator.py
[2022-10-03T17:10:49.038-0400] {processor.py:768} INFO - DAG(s) dict_keys(['example_short_circuit_operator']) retrieved from /Users/austin/Desktop/Link_Slack_Bot/venv/lib/python3.10/site-packages/airflow/example_dags/example_short_circuit_operator.py
[2022-10-03T17:10:49.169-0400] {logging_mixin.py:117} INFO - [2022-10-03T17:10:49.169-0400] {dag.py:2573} INFO - Sync 1 DAGs
[2022-10-03T17:10:49.181-0400] {logging_mixin.py:117} INFO - [2022-10-03T17:10:49.181-0400] {dag.py:3324} INFO - Setting next_dagrun for example_short_circuit_operator to 2022-10-02T21:10:49.181008+00:00, run_after=2022-10-03T21:10:49.181008+00:00
[2022-10-03T17:10:49.194-0400] {processor.py:178} INFO - Processing /Users/austin/Desktop/Link_Slack_Bot/venv/lib/python3.10/site-packages/airflow/example_dags/example_short_circuit_operator.py took 0.192 seconds
[2022-10-03T17:12:49.489-0400] {processor.py:156} INFO - Started process (PID=98324) to work on /Users/austin/Desktop/Link_Slack_Bot/venv/lib/python3.10/site-packages/airflow/example_dags/example_short_circuit_operator.py
[2022-10-03T17:12:49.495-0400] {processor.py:758} INFO - Processing file /Users/austin/Desktop/Link_Slack_Bot/venv/lib/python3.10/site-packages/airflow/example_dags/example_short_circuit_operator.py for tasks to queue
[2022-10-03T17:12:49.496-0400] {logging_mixin.py:117} INFO - [2022-10-03T17:12:49.496-0400] {dagbag.py:525} INFO - Filling up the DagBag from /Users/austin/Desktop/Link_Slack_Bot/venv/lib/python3.10/site-packages/airflow/example_dags/example_short_circuit_operator.py
[2022-10-03T17:12:49.531-0400] {processor.py:768} INFO - DAG(s) dict_keys(['example_short_circuit_operator']) retrieved from /Users/austin/Desktop/Link_Slack_Bot/venv/lib/python3.10/site-packages/airflow/example_dags/example_short_circuit_operator.py
[2022-10-03T17:12:49.689-0400] {logging_mixin.py:117} INFO - [2022-10-03T17:12:49.689-0400] {dag.py:2573} INFO - Sync 1 DAGs
[2022-10-03T17:12:49.704-0400] {logging_mixin.py:117} INFO - [2022-10-03T17:12:49.704-0400] {dag.py:3324} INFO - Setting next_dagrun for example_short_circuit_operator to 2022-10-02T21:12:49.704499+00:00, run_after=2022-10-03T21:12:49.704499+00:00
[2022-10-03T17:12:49.722-0400] {processor.py:178} INFO - Processing /Users/austin/Desktop/Link_Slack_Bot/venv/lib/python3.10/site-packages/airflow/example_dags/example_short_circuit_operator.py took 0.233 seconds
