[2022-10-03T17:08:08.818-0400] {processor.py:156} INFO - Started process (PID=86591) to work on /Users/austin/Desktop/Link_Slack_Bot/venv/lib/python3.10/site-packages/airflow/example_dags/example_time_delta_sensor_async.py
[2022-10-03T17:08:08.824-0400] {processor.py:758} INFO - Processing file /Users/austin/Desktop/Link_Slack_Bot/venv/lib/python3.10/site-packages/airflow/example_dags/example_time_delta_sensor_async.py for tasks to queue
[2022-10-03T17:08:08.824-0400] {logging_mixin.py:117} INFO - [2022-10-03T17:08:08.824-0400] {dagbag.py:525} INFO - Filling up the DagBag from /Users/austin/Desktop/Link_Slack_Bot/venv/lib/python3.10/site-packages/airflow/example_dags/example_time_delta_sensor_async.py
[2022-10-03T17:08:08.848-0400] {processor.py:768} INFO - DAG(s) dict_keys(['example_time_delta_sensor_async']) retrieved from /Users/austin/Desktop/Link_Slack_Bot/venv/lib/python3.10/site-packages/airflow/example_dags/example_time_delta_sensor_async.py
[2022-10-03T17:08:09.782-0400] {logging_mixin.py:117} INFO - [2022-10-03T17:08:09.782-0400] {manager.py:507} INFO - Created Permission View: can edit on DAG:example_time_delta_sensor_async
[2022-10-03T17:08:09.789-0400] {logging_mixin.py:117} INFO - [2022-10-03T17:08:09.788-0400] {manager.py:507} INFO - Created Permission View: can read on DAG:example_time_delta_sensor_async
[2022-10-03T17:08:09.794-0400] {logging_mixin.py:117} INFO - [2022-10-03T17:08:09.794-0400] {manager.py:507} INFO - Created Permission View: can delete on DAG:example_time_delta_sensor_async
[2022-10-03T17:08:09.794-0400] {logging_mixin.py:117} INFO - [2022-10-03T17:08:09.794-0400] {dag.py:2573} INFO - Sync 1 DAGs
[2022-10-03T17:08:09.804-0400] {logging_mixin.py:117} INFO - [2022-10-03T17:08:09.804-0400] {dag.py:2594} INFO - Creating ORM DAG for example_time_delta_sensor_async
[2022-10-03T17:08:09.810-0400] {logging_mixin.py:117} INFO - [2022-10-03T17:08:09.810-0400] {dag.py:3324} INFO - Setting next_dagrun for example_time_delta_sensor_async to None, run_after=None
[2022-10-03T17:08:09.825-0400] {processor.py:178} INFO - Processing /Users/austin/Desktop/Link_Slack_Bot/venv/lib/python3.10/site-packages/airflow/example_dags/example_time_delta_sensor_async.py took 1.008 seconds
[2022-10-03T17:10:37.164-0400] {processor.py:156} INFO - Started process (PID=92808) to work on /Users/austin/Desktop/Link_Slack_Bot/venv/lib/python3.10/site-packages/airflow/example_dags/example_time_delta_sensor_async.py
[2022-10-03T17:10:37.169-0400] {processor.py:758} INFO - Processing file /Users/austin/Desktop/Link_Slack_Bot/venv/lib/python3.10/site-packages/airflow/example_dags/example_time_delta_sensor_async.py for tasks to queue
[2022-10-03T17:10:37.170-0400] {logging_mixin.py:117} INFO - [2022-10-03T17:10:37.170-0400] {dagbag.py:525} INFO - Filling up the DagBag from /Users/austin/Desktop/Link_Slack_Bot/venv/lib/python3.10/site-packages/airflow/example_dags/example_time_delta_sensor_async.py
[2022-10-03T17:10:37.191-0400] {processor.py:768} INFO - DAG(s) dict_keys(['example_time_delta_sensor_async']) retrieved from /Users/austin/Desktop/Link_Slack_Bot/venv/lib/python3.10/site-packages/airflow/example_dags/example_time_delta_sensor_async.py
[2022-10-03T17:10:37.443-0400] {logging_mixin.py:117} INFO - [2022-10-03T17:10:37.442-0400] {dag.py:2573} INFO - Sync 1 DAGs
[2022-10-03T17:10:37.458-0400] {logging_mixin.py:117} INFO - [2022-10-03T17:10:37.457-0400] {dag.py:3324} INFO - Setting next_dagrun for example_time_delta_sensor_async to None, run_after=None
[2022-10-03T17:10:37.473-0400] {processor.py:178} INFO - Processing /Users/austin/Desktop/Link_Slack_Bot/venv/lib/python3.10/site-packages/airflow/example_dags/example_time_delta_sensor_async.py took 0.310 seconds
[2022-10-03T17:12:38.341-0400] {processor.py:156} INFO - Started process (PID=97849) to work on /Users/austin/Desktop/Link_Slack_Bot/venv/lib/python3.10/site-packages/airflow/example_dags/example_time_delta_sensor_async.py
[2022-10-03T17:12:38.346-0400] {processor.py:758} INFO - Processing file /Users/austin/Desktop/Link_Slack_Bot/venv/lib/python3.10/site-packages/airflow/example_dags/example_time_delta_sensor_async.py for tasks to queue
[2022-10-03T17:12:38.347-0400] {logging_mixin.py:117} INFO - [2022-10-03T17:12:38.346-0400] {dagbag.py:525} INFO - Filling up the DagBag from /Users/austin/Desktop/Link_Slack_Bot/venv/lib/python3.10/site-packages/airflow/example_dags/example_time_delta_sensor_async.py
[2022-10-03T17:12:38.368-0400] {processor.py:768} INFO - DAG(s) dict_keys(['example_time_delta_sensor_async']) retrieved from /Users/austin/Desktop/Link_Slack_Bot/venv/lib/python3.10/site-packages/airflow/example_dags/example_time_delta_sensor_async.py
[2022-10-03T17:12:38.641-0400] {logging_mixin.py:117} INFO - [2022-10-03T17:12:38.640-0400] {dag.py:2573} INFO - Sync 1 DAGs
[2022-10-03T17:12:38.655-0400] {logging_mixin.py:117} INFO - [2022-10-03T17:12:38.654-0400] {dag.py:3324} INFO - Setting next_dagrun for example_time_delta_sensor_async to None, run_after=None
[2022-10-03T17:12:38.670-0400] {processor.py:178} INFO - Processing /Users/austin/Desktop/Link_Slack_Bot/venv/lib/python3.10/site-packages/airflow/example_dags/example_time_delta_sensor_async.py took 0.329 seconds
