[2022-10-03T17:09:03.826-0400] {processor.py:156} INFO - Started process (PID=88955) to work on /Users/austin/Desktop/Link_Slack_Bot/venv/lib/python3.10/site-packages/airflow/example_dags/example_branch_operator_decorator.py
[2022-10-03T17:09:03.830-0400] {processor.py:758} INFO - Processing file /Users/austin/Desktop/Link_Slack_Bot/venv/lib/python3.10/site-packages/airflow/example_dags/example_branch_operator_decorator.py for tasks to queue
[2022-10-03T17:09:03.830-0400] {logging_mixin.py:117} INFO - [2022-10-03T17:09:03.830-0400] {dagbag.py:525} INFO - Filling up the DagBag from /Users/austin/Desktop/Link_Slack_Bot/venv/lib/python3.10/site-packages/airflow/example_dags/example_branch_operator_decorator.py
[2022-10-03T17:09:03.873-0400] {processor.py:768} INFO - DAG(s) dict_keys(['example_branch_python_operator_decorator']) retrieved from /Users/austin/Desktop/Link_Slack_Bot/venv/lib/python3.10/site-packages/airflow/example_dags/example_branch_operator_decorator.py
[2022-10-03T17:09:04.661-0400] {logging_mixin.py:117} INFO - [2022-10-03T17:09:04.661-0400] {manager.py:507} INFO - Created Permission View: can delete on DAG:example_branch_python_operator_decorator
[2022-10-03T17:09:04.667-0400] {logging_mixin.py:117} INFO - [2022-10-03T17:09:04.667-0400] {manager.py:507} INFO - Created Permission View: can edit on DAG:example_branch_python_operator_decorator
[2022-10-03T17:09:04.673-0400] {logging_mixin.py:117} INFO - [2022-10-03T17:09:04.673-0400] {manager.py:507} INFO - Created Permission View: can read on DAG:example_branch_python_operator_decorator
[2022-10-03T17:09:04.673-0400] {logging_mixin.py:117} INFO - [2022-10-03T17:09:04.673-0400] {dag.py:2573} INFO - Sync 1 DAGs
[2022-10-03T17:09:04.682-0400] {logging_mixin.py:117} INFO - [2022-10-03T17:09:04.681-0400] {dag.py:2594} INFO - Creating ORM DAG for example_branch_python_operator_decorator
[2022-10-03T17:09:04.689-0400] {logging_mixin.py:117} INFO - [2022-10-03T17:09:04.689-0400] {dag.py:3324} INFO - Setting next_dagrun for example_branch_python_operator_decorator to 2022-10-02T00:00:00+00:00, run_after=2022-10-03T00:00:00+00:00
[2022-10-03T17:09:04.704-0400] {processor.py:178} INFO - Processing /Users/austin/Desktop/Link_Slack_Bot/venv/lib/python3.10/site-packages/airflow/example_dags/example_branch_operator_decorator.py took 0.878 seconds
[2022-10-03T17:11:15.450-0400] {processor.py:156} INFO - Started process (PID=94412) to work on /Users/austin/Desktop/Link_Slack_Bot/venv/lib/python3.10/site-packages/airflow/example_dags/example_branch_operator_decorator.py
[2022-10-03T17:11:15.456-0400] {processor.py:758} INFO - Processing file /Users/austin/Desktop/Link_Slack_Bot/venv/lib/python3.10/site-packages/airflow/example_dags/example_branch_operator_decorator.py for tasks to queue
[2022-10-03T17:11:15.456-0400] {logging_mixin.py:117} INFO - [2022-10-03T17:11:15.456-0400] {dagbag.py:525} INFO - Filling up the DagBag from /Users/austin/Desktop/Link_Slack_Bot/venv/lib/python3.10/site-packages/airflow/example_dags/example_branch_operator_decorator.py
[2022-10-03T17:11:15.500-0400] {processor.py:768} INFO - DAG(s) dict_keys(['example_branch_python_operator_decorator']) retrieved from /Users/austin/Desktop/Link_Slack_Bot/venv/lib/python3.10/site-packages/airflow/example_dags/example_branch_operator_decorator.py
[2022-10-03T17:11:15.643-0400] {logging_mixin.py:117} INFO - [2022-10-03T17:11:15.642-0400] {dag.py:2573} INFO - Sync 1 DAGs
[2022-10-03T17:11:15.661-0400] {logging_mixin.py:117} INFO - [2022-10-03T17:11:15.661-0400] {dag.py:3324} INFO - Setting next_dagrun for example_branch_python_operator_decorator to 2022-10-02T00:00:00+00:00, run_after=2022-10-03T00:00:00+00:00
[2022-10-03T17:11:15.678-0400] {processor.py:178} INFO - Processing /Users/austin/Desktop/Link_Slack_Bot/venv/lib/python3.10/site-packages/airflow/example_dags/example_branch_operator_decorator.py took 0.229 seconds
[2022-10-03T17:13:15.299-0400] {processor.py:156} INFO - Started process (PID=99410) to work on /Users/austin/Desktop/Link_Slack_Bot/venv/lib/python3.10/site-packages/airflow/example_dags/example_branch_operator_decorator.py
[2022-10-03T17:13:15.305-0400] {processor.py:758} INFO - Processing file /Users/austin/Desktop/Link_Slack_Bot/venv/lib/python3.10/site-packages/airflow/example_dags/example_branch_operator_decorator.py for tasks to queue
[2022-10-03T17:13:15.305-0400] {logging_mixin.py:117} INFO - [2022-10-03T17:13:15.305-0400] {dagbag.py:525} INFO - Filling up the DagBag from /Users/austin/Desktop/Link_Slack_Bot/venv/lib/python3.10/site-packages/airflow/example_dags/example_branch_operator_decorator.py
[2022-10-03T17:13:15.352-0400] {processor.py:768} INFO - DAG(s) dict_keys(['example_branch_python_operator_decorator']) retrieved from /Users/austin/Desktop/Link_Slack_Bot/venv/lib/python3.10/site-packages/airflow/example_dags/example_branch_operator_decorator.py
[2022-10-03T17:13:15.524-0400] {logging_mixin.py:117} INFO - [2022-10-03T17:13:15.524-0400] {dag.py:2573} INFO - Sync 1 DAGs
[2022-10-03T17:13:15.546-0400] {logging_mixin.py:117} INFO - [2022-10-03T17:13:15.546-0400] {dag.py:3324} INFO - Setting next_dagrun for example_branch_python_operator_decorator to 2022-10-02T00:00:00+00:00, run_after=2022-10-03T00:00:00+00:00
[2022-10-03T17:13:15.564-0400] {processor.py:178} INFO - Processing /Users/austin/Desktop/Link_Slack_Bot/venv/lib/python3.10/site-packages/airflow/example_dags/example_branch_operator_decorator.py took 0.266 seconds
