[2022-10-03T17:08:49.558-0400] {processor.py:156} INFO - Started process (PID=88330) to work on /Users/austin/Desktop/Link_Slack_Bot/venv/lib/python3.10/site-packages/airflow/example_dags/example_external_task_marker_dag.py
[2022-10-03T17:08:49.563-0400] {processor.py:758} INFO - Processing file /Users/austin/Desktop/Link_Slack_Bot/venv/lib/python3.10/site-packages/airflow/example_dags/example_external_task_marker_dag.py for tasks to queue
[2022-10-03T17:08:49.563-0400] {logging_mixin.py:117} INFO - [2022-10-03T17:08:49.563-0400] {dagbag.py:525} INFO - Filling up the DagBag from /Users/austin/Desktop/Link_Slack_Bot/venv/lib/python3.10/site-packages/airflow/example_dags/example_external_task_marker_dag.py
[2022-10-03T17:08:49.585-0400] {processor.py:768} INFO - DAG(s) dict_keys(['example_external_task_marker_parent', 'example_external_task_marker_child']) retrieved from /Users/austin/Desktop/Link_Slack_Bot/venv/lib/python3.10/site-packages/airflow/example_dags/example_external_task_marker_dag.py
[2022-10-03T17:08:50.403-0400] {logging_mixin.py:117} INFO - [2022-10-03T17:08:50.403-0400] {manager.py:507} INFO - Created Permission View: can delete on DAG:example_external_task_marker_parent
[2022-10-03T17:08:50.411-0400] {logging_mixin.py:117} INFO - [2022-10-03T17:08:50.411-0400] {manager.py:507} INFO - Created Permission View: can edit on DAG:example_external_task_marker_parent
[2022-10-03T17:08:50.416-0400] {logging_mixin.py:117} INFO - [2022-10-03T17:08:50.416-0400] {manager.py:507} INFO - Created Permission View: can read on DAG:example_external_task_marker_parent
[2022-10-03T17:08:50.482-0400] {logging_mixin.py:117} INFO - [2022-10-03T17:08:50.482-0400] {manager.py:507} INFO - Created Permission View: can delete on DAG:example_external_task_marker_child
[2022-10-03T17:08:50.487-0400] {logging_mixin.py:117} INFO - [2022-10-03T17:08:50.487-0400] {manager.py:507} INFO - Created Permission View: can edit on DAG:example_external_task_marker_child
[2022-10-03T17:08:50.492-0400] {logging_mixin.py:117} INFO - [2022-10-03T17:08:50.492-0400] {manager.py:507} INFO - Created Permission View: can read on DAG:example_external_task_marker_child
[2022-10-03T17:08:50.493-0400] {logging_mixin.py:117} INFO - [2022-10-03T17:08:50.493-0400] {dag.py:2573} INFO - Sync 2 DAGs
[2022-10-03T17:08:50.502-0400] {logging_mixin.py:117} INFO - [2022-10-03T17:08:50.502-0400] {dag.py:2594} INFO - Creating ORM DAG for example_external_task_marker_parent
[2022-10-03T17:08:50.503-0400] {logging_mixin.py:117} INFO - [2022-10-03T17:08:50.502-0400] {dag.py:2594} INFO - Creating ORM DAG for example_external_task_marker_child
[2022-10-03T17:08:50.509-0400] {logging_mixin.py:117} INFO - [2022-10-03T17:08:50.509-0400] {dag.py:3324} INFO - Setting next_dagrun for example_external_task_marker_child to None, run_after=None
[2022-10-03T17:08:50.509-0400] {logging_mixin.py:117} INFO - [2022-10-03T17:08:50.509-0400] {dag.py:3324} INFO - Setting next_dagrun for example_external_task_marker_parent to None, run_after=None
[2022-10-03T17:08:50.524-0400] {processor.py:178} INFO - Processing /Users/austin/Desktop/Link_Slack_Bot/venv/lib/python3.10/site-packages/airflow/example_dags/example_external_task_marker_dag.py took 0.967 seconds
[2022-10-03T17:11:04.702-0400] {processor.py:156} INFO - Started process (PID=93966) to work on /Users/austin/Desktop/Link_Slack_Bot/venv/lib/python3.10/site-packages/airflow/example_dags/example_external_task_marker_dag.py
[2022-10-03T17:11:04.706-0400] {processor.py:758} INFO - Processing file /Users/austin/Desktop/Link_Slack_Bot/venv/lib/python3.10/site-packages/airflow/example_dags/example_external_task_marker_dag.py for tasks to queue
[2022-10-03T17:11:04.707-0400] {logging_mixin.py:117} INFO - [2022-10-03T17:11:04.707-0400] {dagbag.py:525} INFO - Filling up the DagBag from /Users/austin/Desktop/Link_Slack_Bot/venv/lib/python3.10/site-packages/airflow/example_dags/example_external_task_marker_dag.py
[2022-10-03T17:11:04.726-0400] {processor.py:768} INFO - DAG(s) dict_keys(['example_external_task_marker_parent', 'example_external_task_marker_child']) retrieved from /Users/austin/Desktop/Link_Slack_Bot/venv/lib/python3.10/site-packages/airflow/example_dags/example_external_task_marker_dag.py
[2022-10-03T17:11:04.911-0400] {logging_mixin.py:117} INFO - [2022-10-03T17:11:04.911-0400] {dag.py:2573} INFO - Sync 2 DAGs
[2022-10-03T17:11:04.925-0400] {logging_mixin.py:117} INFO - [2022-10-03T17:11:04.925-0400] {dag.py:3324} INFO - Setting next_dagrun for example_external_task_marker_child to None, run_after=None
[2022-10-03T17:11:04.928-0400] {logging_mixin.py:117} INFO - [2022-10-03T17:11:04.928-0400] {dag.py:3324} INFO - Setting next_dagrun for example_external_task_marker_parent to None, run_after=None
[2022-10-03T17:11:04.942-0400] {processor.py:178} INFO - Processing /Users/austin/Desktop/Link_Slack_Bot/venv/lib/python3.10/site-packages/airflow/example_dags/example_external_task_marker_dag.py took 0.241 seconds
[2022-10-03T17:13:04.441-0400] {processor.py:156} INFO - Started process (PID=98960) to work on /Users/austin/Desktop/Link_Slack_Bot/venv/lib/python3.10/site-packages/airflow/example_dags/example_external_task_marker_dag.py
[2022-10-03T17:13:04.446-0400] {processor.py:758} INFO - Processing file /Users/austin/Desktop/Link_Slack_Bot/venv/lib/python3.10/site-packages/airflow/example_dags/example_external_task_marker_dag.py for tasks to queue
[2022-10-03T17:13:04.447-0400] {logging_mixin.py:117} INFO - [2022-10-03T17:13:04.446-0400] {dagbag.py:525} INFO - Filling up the DagBag from /Users/austin/Desktop/Link_Slack_Bot/venv/lib/python3.10/site-packages/airflow/example_dags/example_external_task_marker_dag.py
[2022-10-03T17:13:04.467-0400] {processor.py:768} INFO - DAG(s) dict_keys(['example_external_task_marker_parent', 'example_external_task_marker_child']) retrieved from /Users/austin/Desktop/Link_Slack_Bot/venv/lib/python3.10/site-packages/airflow/example_dags/example_external_task_marker_dag.py
[2022-10-03T17:13:04.654-0400] {logging_mixin.py:117} INFO - [2022-10-03T17:13:04.654-0400] {dag.py:2573} INFO - Sync 2 DAGs
[2022-10-03T17:13:04.667-0400] {logging_mixin.py:117} INFO - [2022-10-03T17:13:04.667-0400] {dag.py:3324} INFO - Setting next_dagrun for example_external_task_marker_child to None, run_after=None
[2022-10-03T17:13:04.669-0400] {logging_mixin.py:117} INFO - [2022-10-03T17:13:04.669-0400] {dag.py:3324} INFO - Setting next_dagrun for example_external_task_marker_parent to None, run_after=None
[2022-10-03T17:13:04.683-0400] {processor.py:178} INFO - Processing /Users/austin/Desktop/Link_Slack_Bot/venv/lib/python3.10/site-packages/airflow/example_dags/example_external_task_marker_dag.py took 0.242 seconds
