[2022-10-03T17:09:01.460-0400] {processor.py:156} INFO - Started process (PID=88863) to work on /Users/austin/Desktop/Link_Slack_Bot/venv/lib/python3.10/site-packages/airflow/example_dags/example_branch_python_dop_operator_3.py
[2022-10-03T17:09:01.465-0400] {processor.py:758} INFO - Processing file /Users/austin/Desktop/Link_Slack_Bot/venv/lib/python3.10/site-packages/airflow/example_dags/example_branch_python_dop_operator_3.py for tasks to queue
[2022-10-03T17:09:01.465-0400] {logging_mixin.py:117} INFO - [2022-10-03T17:09:01.465-0400] {dagbag.py:525} INFO - Filling up the DagBag from /Users/austin/Desktop/Link_Slack_Bot/venv/lib/python3.10/site-packages/airflow/example_dags/example_branch_python_dop_operator_3.py
[2022-10-03T17:09:01.512-0400] {processor.py:768} INFO - DAG(s) dict_keys(['example_branch_dop_operator_v3']) retrieved from /Users/austin/Desktop/Link_Slack_Bot/venv/lib/python3.10/site-packages/airflow/example_dags/example_branch_python_dop_operator_3.py
[2022-10-03T17:09:02.489-0400] {logging_mixin.py:117} INFO - [2022-10-03T17:09:02.489-0400] {manager.py:507} INFO - Created Permission View: can edit on DAG:example_branch_dop_operator_v3
[2022-10-03T17:09:02.496-0400] {logging_mixin.py:117} INFO - [2022-10-03T17:09:02.496-0400] {manager.py:507} INFO - Created Permission View: can read on DAG:example_branch_dop_operator_v3
[2022-10-03T17:09:02.502-0400] {logging_mixin.py:117} INFO - [2022-10-03T17:09:02.502-0400] {manager.py:507} INFO - Created Permission View: can delete on DAG:example_branch_dop_operator_v3
[2022-10-03T17:09:02.502-0400] {logging_mixin.py:117} INFO - [2022-10-03T17:09:02.502-0400] {dag.py:2573} INFO - Sync 1 DAGs
[2022-10-03T17:09:02.512-0400] {logging_mixin.py:117} INFO - [2022-10-03T17:09:02.512-0400] {dag.py:2594} INFO - Creating ORM DAG for example_branch_dop_operator_v3
[2022-10-03T17:09:02.525-0400] {logging_mixin.py:117} INFO - [2022-10-03T17:09:02.525-0400] {dag.py:3324} INFO - Setting next_dagrun for example_branch_dop_operator_v3 to 2022-10-03T21:08:00+00:00, run_after=2022-10-03T21:09:00+00:00
[2022-10-03T17:09:02.542-0400] {processor.py:178} INFO - Processing /Users/austin/Desktop/Link_Slack_Bot/venv/lib/python3.10/site-packages/airflow/example_dags/example_branch_python_dop_operator_3.py took 1.083 seconds
[2022-10-03T17:11:13.485-0400] {processor.py:156} INFO - Started process (PID=94326) to work on /Users/austin/Desktop/Link_Slack_Bot/venv/lib/python3.10/site-packages/airflow/example_dags/example_branch_python_dop_operator_3.py
[2022-10-03T17:11:13.490-0400] {processor.py:758} INFO - Processing file /Users/austin/Desktop/Link_Slack_Bot/venv/lib/python3.10/site-packages/airflow/example_dags/example_branch_python_dop_operator_3.py for tasks to queue
[2022-10-03T17:11:13.491-0400] {logging_mixin.py:117} INFO - [2022-10-03T17:11:13.490-0400] {dagbag.py:525} INFO - Filling up the DagBag from /Users/austin/Desktop/Link_Slack_Bot/venv/lib/python3.10/site-packages/airflow/example_dags/example_branch_python_dop_operator_3.py
[2022-10-03T17:11:13.533-0400] {processor.py:768} INFO - DAG(s) dict_keys(['example_branch_dop_operator_v3']) retrieved from /Users/austin/Desktop/Link_Slack_Bot/venv/lib/python3.10/site-packages/airflow/example_dags/example_branch_python_dop_operator_3.py
[2022-10-03T17:11:13.657-0400] {logging_mixin.py:117} INFO - [2022-10-03T17:11:13.657-0400] {dag.py:2573} INFO - Sync 1 DAGs
[2022-10-03T17:11:13.676-0400] {logging_mixin.py:117} INFO - [2022-10-03T17:11:13.676-0400] {dag.py:3324} INFO - Setting next_dagrun for example_branch_dop_operator_v3 to 2022-10-03T21:10:00+00:00, run_after=2022-10-03T21:11:00+00:00
[2022-10-03T17:11:13.693-0400] {processor.py:178} INFO - Processing /Users/austin/Desktop/Link_Slack_Bot/venv/lib/python3.10/site-packages/airflow/example_dags/example_branch_python_dop_operator_3.py took 0.209 seconds
[2022-10-03T17:13:13.378-0400] {processor.py:156} INFO - Started process (PID=99334) to work on /Users/austin/Desktop/Link_Slack_Bot/venv/lib/python3.10/site-packages/airflow/example_dags/example_branch_python_dop_operator_3.py
[2022-10-03T17:13:13.384-0400] {processor.py:758} INFO - Processing file /Users/austin/Desktop/Link_Slack_Bot/venv/lib/python3.10/site-packages/airflow/example_dags/example_branch_python_dop_operator_3.py for tasks to queue
[2022-10-03T17:13:13.384-0400] {logging_mixin.py:117} INFO - [2022-10-03T17:13:13.384-0400] {dagbag.py:525} INFO - Filling up the DagBag from /Users/austin/Desktop/Link_Slack_Bot/venv/lib/python3.10/site-packages/airflow/example_dags/example_branch_python_dop_operator_3.py
[2022-10-03T17:13:13.429-0400] {processor.py:768} INFO - DAG(s) dict_keys(['example_branch_dop_operator_v3']) retrieved from /Users/austin/Desktop/Link_Slack_Bot/venv/lib/python3.10/site-packages/airflow/example_dags/example_branch_python_dop_operator_3.py
[2022-10-03T17:13:13.562-0400] {logging_mixin.py:117} INFO - [2022-10-03T17:13:13.562-0400] {dag.py:2573} INFO - Sync 1 DAGs
[2022-10-03T17:13:13.578-0400] {logging_mixin.py:117} INFO - [2022-10-03T17:13:13.578-0400] {dag.py:3324} INFO - Setting next_dagrun for example_branch_dop_operator_v3 to 2022-10-03T21:12:00+00:00, run_after=2022-10-03T21:13:00+00:00
[2022-10-03T17:13:13.591-0400] {processor.py:178} INFO - Processing /Users/austin/Desktop/Link_Slack_Bot/venv/lib/python3.10/site-packages/airflow/example_dags/example_branch_python_dop_operator_3.py took 0.214 seconds
