[2022-10-03T17:08:14.542-0400] {processor.py:156} INFO - Started process (PID=86824) to work on /Users/austin/Desktop/Link_Slack_Bot/venv/lib/python3.10/site-packages/airflow/example_dags/example_task_group.py
[2022-10-03T17:08:14.549-0400] {processor.py:758} INFO - Processing file /Users/austin/Desktop/Link_Slack_Bot/venv/lib/python3.10/site-packages/airflow/example_dags/example_task_group.py for tasks to queue
[2022-10-03T17:08:14.549-0400] {logging_mixin.py:117} INFO - [2022-10-03T17:08:14.549-0400] {dagbag.py:525} INFO - Filling up the DagBag from /Users/austin/Desktop/Link_Slack_Bot/venv/lib/python3.10/site-packages/airflow/example_dags/example_task_group.py
[2022-10-03T17:08:14.578-0400] {processor.py:768} INFO - DAG(s) dict_keys(['example_task_group']) retrieved from /Users/austin/Desktop/Link_Slack_Bot/venv/lib/python3.10/site-packages/airflow/example_dags/example_task_group.py
[2022-10-03T17:08:15.440-0400] {logging_mixin.py:117} INFO - [2022-10-03T17:08:15.440-0400] {manager.py:507} INFO - Created Permission View: can read on DAG:example_task_group
[2022-10-03T17:08:15.446-0400] {logging_mixin.py:117} INFO - [2022-10-03T17:08:15.446-0400] {manager.py:507} INFO - Created Permission View: can edit on DAG:example_task_group
[2022-10-03T17:08:15.451-0400] {logging_mixin.py:117} INFO - [2022-10-03T17:08:15.451-0400] {manager.py:507} INFO - Created Permission View: can delete on DAG:example_task_group
[2022-10-03T17:08:15.451-0400] {logging_mixin.py:117} INFO - [2022-10-03T17:08:15.451-0400] {dag.py:2573} INFO - Sync 1 DAGs
[2022-10-03T17:08:15.460-0400] {logging_mixin.py:117} INFO - [2022-10-03T17:08:15.459-0400] {dag.py:2594} INFO - Creating ORM DAG for example_task_group
[2022-10-03T17:08:15.466-0400] {logging_mixin.py:117} INFO - [2022-10-03T17:08:15.466-0400] {dag.py:3324} INFO - Setting next_dagrun for example_task_group to 2022-10-02T21:08:15.466380+00:00, run_after=2022-10-03T21:08:15.466380+00:00
[2022-10-03T17:08:15.480-0400] {processor.py:178} INFO - Processing /Users/austin/Desktop/Link_Slack_Bot/venv/lib/python3.10/site-packages/airflow/example_dags/example_task_group.py took 0.939 seconds
[2022-10-03T17:10:41.108-0400] {processor.py:156} INFO - Started process (PID=92976) to work on /Users/austin/Desktop/Link_Slack_Bot/venv/lib/python3.10/site-packages/airflow/example_dags/example_task_group.py
[2022-10-03T17:10:41.114-0400] {processor.py:758} INFO - Processing file /Users/austin/Desktop/Link_Slack_Bot/venv/lib/python3.10/site-packages/airflow/example_dags/example_task_group.py for tasks to queue
[2022-10-03T17:10:41.114-0400] {logging_mixin.py:117} INFO - [2022-10-03T17:10:41.114-0400] {dagbag.py:525} INFO - Filling up the DagBag from /Users/austin/Desktop/Link_Slack_Bot/venv/lib/python3.10/site-packages/airflow/example_dags/example_task_group.py
[2022-10-03T17:10:41.137-0400] {processor.py:768} INFO - DAG(s) dict_keys(['example_task_group']) retrieved from /Users/austin/Desktop/Link_Slack_Bot/venv/lib/python3.10/site-packages/airflow/example_dags/example_task_group.py
[2022-10-03T17:10:41.269-0400] {logging_mixin.py:117} INFO - [2022-10-03T17:10:41.269-0400] {dag.py:2573} INFO - Sync 1 DAGs
[2022-10-03T17:10:41.284-0400] {logging_mixin.py:117} INFO - [2022-10-03T17:10:41.284-0400] {dag.py:3324} INFO - Setting next_dagrun for example_task_group to 2022-10-02T21:10:41.284170+00:00, run_after=2022-10-03T21:10:41.284170+00:00
[2022-10-03T17:10:41.300-0400] {processor.py:178} INFO - Processing /Users/austin/Desktop/Link_Slack_Bot/venv/lib/python3.10/site-packages/airflow/example_dags/example_task_group.py took 0.192 seconds
[2022-10-03T17:12:42.385-0400] {processor.py:156} INFO - Started process (PID=98016) to work on /Users/austin/Desktop/Link_Slack_Bot/venv/lib/python3.10/site-packages/airflow/example_dags/example_task_group.py
[2022-10-03T17:12:42.391-0400] {processor.py:758} INFO - Processing file /Users/austin/Desktop/Link_Slack_Bot/venv/lib/python3.10/site-packages/airflow/example_dags/example_task_group.py for tasks to queue
[2022-10-03T17:12:42.392-0400] {logging_mixin.py:117} INFO - [2022-10-03T17:12:42.392-0400] {dagbag.py:525} INFO - Filling up the DagBag from /Users/austin/Desktop/Link_Slack_Bot/venv/lib/python3.10/site-packages/airflow/example_dags/example_task_group.py
[2022-10-03T17:12:42.419-0400] {processor.py:768} INFO - DAG(s) dict_keys(['example_task_group']) retrieved from /Users/austin/Desktop/Link_Slack_Bot/venv/lib/python3.10/site-packages/airflow/example_dags/example_task_group.py
[2022-10-03T17:12:42.591-0400] {logging_mixin.py:117} INFO - [2022-10-03T17:12:42.591-0400] {dag.py:2573} INFO - Sync 1 DAGs
[2022-10-03T17:12:42.608-0400] {logging_mixin.py:117} INFO - [2022-10-03T17:12:42.608-0400] {dag.py:3324} INFO - Setting next_dagrun for example_task_group to 2022-10-02T21:12:42.608491+00:00, run_after=2022-10-03T21:12:42.608491+00:00
[2022-10-03T17:12:42.626-0400] {processor.py:178} INFO - Processing /Users/austin/Desktop/Link_Slack_Bot/venv/lib/python3.10/site-packages/airflow/example_dags/example_task_group.py took 0.242 seconds
