[2022-10-03T17:08:22.975-0400] {processor.py:156} INFO - Started process (PID=87206) to work on /Users/austin/Desktop/Link_Slack_Bot/venv/lib/python3.10/site-packages/airflow/example_dags/example_skip_dag.py
[2022-10-03T17:08:22.980-0400] {processor.py:758} INFO - Processing file /Users/austin/Desktop/Link_Slack_Bot/venv/lib/python3.10/site-packages/airflow/example_dags/example_skip_dag.py for tasks to queue
[2022-10-03T17:08:22.980-0400] {logging_mixin.py:117} INFO - [2022-10-03T17:08:22.980-0400] {dagbag.py:525} INFO - Filling up the DagBag from /Users/austin/Desktop/Link_Slack_Bot/venv/lib/python3.10/site-packages/airflow/example_dags/example_skip_dag.py
[2022-10-03T17:08:23.004-0400] {processor.py:768} INFO - DAG(s) dict_keys(['example_skip_dag']) retrieved from /Users/austin/Desktop/Link_Slack_Bot/venv/lib/python3.10/site-packages/airflow/example_dags/example_skip_dag.py
[2022-10-03T17:08:23.806-0400] {logging_mixin.py:117} INFO - [2022-10-03T17:08:23.806-0400] {manager.py:507} INFO - Created Permission View: can delete on DAG:example_skip_dag
[2022-10-03T17:08:23.812-0400] {logging_mixin.py:117} INFO - [2022-10-03T17:08:23.812-0400] {manager.py:507} INFO - Created Permission View: can read on DAG:example_skip_dag
[2022-10-03T17:08:23.817-0400] {logging_mixin.py:117} INFO - [2022-10-03T17:08:23.817-0400] {manager.py:507} INFO - Created Permission View: can edit on DAG:example_skip_dag
[2022-10-03T17:08:23.817-0400] {logging_mixin.py:117} INFO - [2022-10-03T17:08:23.817-0400] {dag.py:2573} INFO - Sync 1 DAGs
[2022-10-03T17:08:23.825-0400] {logging_mixin.py:117} INFO - [2022-10-03T17:08:23.825-0400] {dag.py:2594} INFO - Creating ORM DAG for example_skip_dag
[2022-10-03T17:08:23.832-0400] {logging_mixin.py:117} INFO - [2022-10-03T17:08:23.832-0400] {dag.py:3324} INFO - Setting next_dagrun for example_skip_dag to 2022-10-02T21:08:23.832376+00:00, run_after=2022-10-03T21:08:23.832376+00:00
[2022-10-03T17:08:23.846-0400] {processor.py:178} INFO - Processing /Users/austin/Desktop/Link_Slack_Bot/venv/lib/python3.10/site-packages/airflow/example_dags/example_skip_dag.py took 0.872 seconds
[2022-10-03T17:10:46.824-0400] {processor.py:156} INFO - Started process (PID=93217) to work on /Users/austin/Desktop/Link_Slack_Bot/venv/lib/python3.10/site-packages/airflow/example_dags/example_skip_dag.py
[2022-10-03T17:10:46.829-0400] {processor.py:758} INFO - Processing file /Users/austin/Desktop/Link_Slack_Bot/venv/lib/python3.10/site-packages/airflow/example_dags/example_skip_dag.py for tasks to queue
[2022-10-03T17:10:46.829-0400] {logging_mixin.py:117} INFO - [2022-10-03T17:10:46.829-0400] {dagbag.py:525} INFO - Filling up the DagBag from /Users/austin/Desktop/Link_Slack_Bot/venv/lib/python3.10/site-packages/airflow/example_dags/example_skip_dag.py
[2022-10-03T17:10:46.851-0400] {processor.py:768} INFO - DAG(s) dict_keys(['example_skip_dag']) retrieved from /Users/austin/Desktop/Link_Slack_Bot/venv/lib/python3.10/site-packages/airflow/example_dags/example_skip_dag.py
[2022-10-03T17:10:46.999-0400] {logging_mixin.py:117} INFO - [2022-10-03T17:10:46.998-0400] {dag.py:2573} INFO - Sync 1 DAGs
[2022-10-03T17:10:47.013-0400] {logging_mixin.py:117} INFO - [2022-10-03T17:10:47.013-0400] {dag.py:3324} INFO - Setting next_dagrun for example_skip_dag to 2022-10-02T21:10:47.013067+00:00, run_after=2022-10-03T21:10:47.013067+00:00
[2022-10-03T17:10:47.029-0400] {processor.py:178} INFO - Processing /Users/austin/Desktop/Link_Slack_Bot/venv/lib/python3.10/site-packages/airflow/example_dags/example_skip_dag.py took 0.205 seconds
[2022-10-03T17:12:48.447-0400] {processor.py:156} INFO - Started process (PID=98288) to work on /Users/austin/Desktop/Link_Slack_Bot/venv/lib/python3.10/site-packages/airflow/example_dags/example_skip_dag.py
[2022-10-03T17:12:48.453-0400] {processor.py:758} INFO - Processing file /Users/austin/Desktop/Link_Slack_Bot/venv/lib/python3.10/site-packages/airflow/example_dags/example_skip_dag.py for tasks to queue
[2022-10-03T17:12:48.453-0400] {logging_mixin.py:117} INFO - [2022-10-03T17:12:48.453-0400] {dagbag.py:525} INFO - Filling up the DagBag from /Users/austin/Desktop/Link_Slack_Bot/venv/lib/python3.10/site-packages/airflow/example_dags/example_skip_dag.py
[2022-10-03T17:12:48.476-0400] {processor.py:768} INFO - DAG(s) dict_keys(['example_skip_dag']) retrieved from /Users/austin/Desktop/Link_Slack_Bot/venv/lib/python3.10/site-packages/airflow/example_dags/example_skip_dag.py
[2022-10-03T17:12:48.634-0400] {logging_mixin.py:117} INFO - [2022-10-03T17:12:48.634-0400] {dag.py:2573} INFO - Sync 1 DAGs
[2022-10-03T17:12:48.648-0400] {logging_mixin.py:117} INFO - [2022-10-03T17:12:48.648-0400] {dag.py:3324} INFO - Setting next_dagrun for example_skip_dag to 2022-10-02T21:12:48.648608+00:00, run_after=2022-10-03T21:12:48.648608+00:00
[2022-10-03T17:12:48.664-0400] {processor.py:178} INFO - Processing /Users/austin/Desktop/Link_Slack_Bot/venv/lib/python3.10/site-packages/airflow/example_dags/example_skip_dag.py took 0.218 seconds
