[2022-10-03T17:08:40.772-0400] {processor.py:156} INFO - Started process (PID=87955) to work on /Users/austin/Desktop/Link_Slack_Bot/venv/lib/python3.10/site-packages/airflow/example_dags/example_local_kubernetes_executor.py
[2022-10-03T17:08:40.778-0400] {processor.py:758} INFO - Processing file /Users/austin/Desktop/Link_Slack_Bot/venv/lib/python3.10/site-packages/airflow/example_dags/example_local_kubernetes_executor.py for tasks to queue
[2022-10-03T17:08:40.779-0400] {logging_mixin.py:117} INFO - [2022-10-03T17:08:40.778-0400] {dagbag.py:525} INFO - Filling up the DagBag from /Users/austin/Desktop/Link_Slack_Bot/venv/lib/python3.10/site-packages/airflow/example_dags/example_local_kubernetes_executor.py
[2022-10-03T17:08:40.820-0400] {logging_mixin.py:117} INFO - [2022-10-03T17:08:40.820-0400] {example_local_kubernetes_executor.py:39} WARNING - Could not import DAGs in example_local_kubernetes_executor.py
Traceback (most recent call last):
  File "/Users/austin/Desktop/Link_Slack_Bot/venv/lib/python3.10/site-packages/airflow/example_dags/example_local_kubernetes_executor.py", line 37, in <module>
    from kubernetes.client import models as k8s
ModuleNotFoundError: No module named 'kubernetes'
[2022-10-03T17:08:40.821-0400] {logging_mixin.py:117} INFO - [2022-10-03T17:08:40.821-0400] {example_local_kubernetes_executor.py:40} WARNING - Install Kubernetes dependencies with: pip install apache-airflow[cncf.kubernetes]
[2022-10-03T17:08:40.821-0400] {processor.py:770} WARNING - No viable dags retrieved from /Users/austin/Desktop/Link_Slack_Bot/venv/lib/python3.10/site-packages/airflow/example_dags/example_local_kubernetes_executor.py
[2022-10-03T17:08:40.944-0400] {processor.py:178} INFO - Processing /Users/austin/Desktop/Link_Slack_Bot/venv/lib/python3.10/site-packages/airflow/example_dags/example_local_kubernetes_executor.py took 0.173 seconds
[2022-10-03T17:10:57.728-0400] {processor.py:156} INFO - Started process (PID=93678) to work on /Users/austin/Desktop/Link_Slack_Bot/venv/lib/python3.10/site-packages/airflow/example_dags/example_local_kubernetes_executor.py
[2022-10-03T17:10:57.734-0400] {processor.py:758} INFO - Processing file /Users/austin/Desktop/Link_Slack_Bot/venv/lib/python3.10/site-packages/airflow/example_dags/example_local_kubernetes_executor.py for tasks to queue
[2022-10-03T17:10:57.734-0400] {logging_mixin.py:117} INFO - [2022-10-03T17:10:57.734-0400] {dagbag.py:525} INFO - Filling up the DagBag from /Users/austin/Desktop/Link_Slack_Bot/venv/lib/python3.10/site-packages/airflow/example_dags/example_local_kubernetes_executor.py
[2022-10-03T17:10:57.770-0400] {logging_mixin.py:117} INFO - [2022-10-03T17:10:57.770-0400] {example_local_kubernetes_executor.py:39} WARNING - Could not import DAGs in example_local_kubernetes_executor.py
Traceback (most recent call last):
  File "/Users/austin/Desktop/Link_Slack_Bot/venv/lib/python3.10/site-packages/airflow/example_dags/example_local_kubernetes_executor.py", line 37, in <module>
    from kubernetes.client import models as k8s
ModuleNotFoundError: No module named 'kubernetes'
[2022-10-03T17:10:57.770-0400] {logging_mixin.py:117} INFO - [2022-10-03T17:10:57.770-0400] {example_local_kubernetes_executor.py:40} WARNING - Install Kubernetes dependencies with: pip install apache-airflow[cncf.kubernetes]
[2022-10-03T17:10:57.771-0400] {processor.py:770} WARNING - No viable dags retrieved from /Users/austin/Desktop/Link_Slack_Bot/venv/lib/python3.10/site-packages/airflow/example_dags/example_local_kubernetes_executor.py
[2022-10-03T17:10:57.868-0400] {processor.py:178} INFO - Processing /Users/austin/Desktop/Link_Slack_Bot/venv/lib/python3.10/site-packages/airflow/example_dags/example_local_kubernetes_executor.py took 0.141 seconds
[2022-10-03T17:12:57.914-0400] {processor.py:156} INFO - Started process (PID=98693) to work on /Users/austin/Desktop/Link_Slack_Bot/venv/lib/python3.10/site-packages/airflow/example_dags/example_local_kubernetes_executor.py
[2022-10-03T17:12:57.920-0400] {processor.py:758} INFO - Processing file /Users/austin/Desktop/Link_Slack_Bot/venv/lib/python3.10/site-packages/airflow/example_dags/example_local_kubernetes_executor.py for tasks to queue
[2022-10-03T17:12:57.921-0400] {logging_mixin.py:117} INFO - [2022-10-03T17:12:57.921-0400] {dagbag.py:525} INFO - Filling up the DagBag from /Users/austin/Desktop/Link_Slack_Bot/venv/lib/python3.10/site-packages/airflow/example_dags/example_local_kubernetes_executor.py
[2022-10-03T17:12:57.953-0400] {logging_mixin.py:117} INFO - [2022-10-03T17:12:57.953-0400] {example_local_kubernetes_executor.py:39} WARNING - Could not import DAGs in example_local_kubernetes_executor.py
Traceback (most recent call last):
  File "/Users/austin/Desktop/Link_Slack_Bot/venv/lib/python3.10/site-packages/airflow/example_dags/example_local_kubernetes_executor.py", line 37, in <module>
    from kubernetes.client import models as k8s
ModuleNotFoundError: No module named 'kubernetes'
[2022-10-03T17:12:57.954-0400] {logging_mixin.py:117} INFO - [2022-10-03T17:12:57.954-0400] {example_local_kubernetes_executor.py:40} WARNING - Install Kubernetes dependencies with: pip install apache-airflow[cncf.kubernetes]
[2022-10-03T17:12:57.954-0400] {processor.py:770} WARNING - No viable dags retrieved from /Users/austin/Desktop/Link_Slack_Bot/venv/lib/python3.10/site-packages/airflow/example_dags/example_local_kubernetes_executor.py
[2022-10-03T17:12:58.040-0400] {processor.py:178} INFO - Processing /Users/austin/Desktop/Link_Slack_Bot/venv/lib/python3.10/site-packages/airflow/example_dags/example_local_kubernetes_executor.py took 0.127 seconds
