[2022-10-03T17:08:06.005-0400] {processor.py:156} INFO - Started process (PID=86469) to work on /Users/austin/Desktop/Link_Slack_Bot/venv/lib/python3.10/site-packages/airflow/example_dags/example_trigger_controller_dag.py
[2022-10-03T17:08:06.010-0400] {processor.py:758} INFO - Processing file /Users/austin/Desktop/Link_Slack_Bot/venv/lib/python3.10/site-packages/airflow/example_dags/example_trigger_controller_dag.py for tasks to queue
[2022-10-03T17:08:06.010-0400] {logging_mixin.py:117} INFO - [2022-10-03T17:08:06.010-0400] {dagbag.py:525} INFO - Filling up the DagBag from /Users/austin/Desktop/Link_Slack_Bot/venv/lib/python3.10/site-packages/airflow/example_dags/example_trigger_controller_dag.py
[2022-10-03T17:08:06.031-0400] {processor.py:768} INFO - DAG(s) dict_keys(['example_trigger_controller_dag']) retrieved from /Users/austin/Desktop/Link_Slack_Bot/venv/lib/python3.10/site-packages/airflow/example_dags/example_trigger_controller_dag.py
[2022-10-03T17:08:06.902-0400] {logging_mixin.py:117} INFO - [2022-10-03T17:08:06.902-0400] {manager.py:507} INFO - Created Permission View: can read on DAG:example_trigger_controller_dag
[2022-10-03T17:08:06.912-0400] {logging_mixin.py:117} INFO - [2022-10-03T17:08:06.912-0400] {manager.py:507} INFO - Created Permission View: can edit on DAG:example_trigger_controller_dag
[2022-10-03T17:08:06.933-0400] {logging_mixin.py:117} INFO - [2022-10-03T17:08:06.933-0400] {manager.py:507} INFO - Created Permission View: can delete on DAG:example_trigger_controller_dag
[2022-10-03T17:08:06.933-0400] {logging_mixin.py:117} INFO - [2022-10-03T17:08:06.933-0400] {dag.py:2573} INFO - Sync 1 DAGs
[2022-10-03T17:08:06.951-0400] {logging_mixin.py:117} INFO - [2022-10-03T17:08:06.950-0400] {dag.py:2594} INFO - Creating ORM DAG for example_trigger_controller_dag
[2022-10-03T17:08:06.967-0400] {logging_mixin.py:117} INFO - [2022-10-03T17:08:06.967-0400] {dag.py:3324} INFO - Setting next_dagrun for example_trigger_controller_dag to 2021-01-01T00:00:00+00:00, run_after=2021-01-01T00:00:00+00:00
[2022-10-03T17:08:06.983-0400] {processor.py:178} INFO - Processing /Users/austin/Desktop/Link_Slack_Bot/venv/lib/python3.10/site-packages/airflow/example_dags/example_trigger_controller_dag.py took 0.979 seconds
[2022-10-03T17:10:35.310-0400] {processor.py:156} INFO - Started process (PID=92719) to work on /Users/austin/Desktop/Link_Slack_Bot/venv/lib/python3.10/site-packages/airflow/example_dags/example_trigger_controller_dag.py
[2022-10-03T17:10:35.315-0400] {processor.py:758} INFO - Processing file /Users/austin/Desktop/Link_Slack_Bot/venv/lib/python3.10/site-packages/airflow/example_dags/example_trigger_controller_dag.py for tasks to queue
[2022-10-03T17:10:35.316-0400] {logging_mixin.py:117} INFO - [2022-10-03T17:10:35.316-0400] {dagbag.py:525} INFO - Filling up the DagBag from /Users/austin/Desktop/Link_Slack_Bot/venv/lib/python3.10/site-packages/airflow/example_dags/example_trigger_controller_dag.py
[2022-10-03T17:10:35.333-0400] {processor.py:768} INFO - DAG(s) dict_keys(['example_trigger_controller_dag']) retrieved from /Users/austin/Desktop/Link_Slack_Bot/venv/lib/python3.10/site-packages/airflow/example_dags/example_trigger_controller_dag.py
[2022-10-03T17:10:35.467-0400] {logging_mixin.py:117} INFO - [2022-10-03T17:10:35.467-0400] {dag.py:2573} INFO - Sync 1 DAGs
[2022-10-03T17:10:35.480-0400] {logging_mixin.py:117} INFO - [2022-10-03T17:10:35.480-0400] {dag.py:3324} INFO - Setting next_dagrun for example_trigger_controller_dag to 2021-01-01T00:00:00+00:00, run_after=2021-01-01T00:00:00+00:00
[2022-10-03T17:10:35.495-0400] {processor.py:178} INFO - Processing /Users/austin/Desktop/Link_Slack_Bot/venv/lib/python3.10/site-packages/airflow/example_dags/example_trigger_controller_dag.py took 0.186 seconds
[2022-10-03T17:12:36.473-0400] {processor.py:156} INFO - Started process (PID=97766) to work on /Users/austin/Desktop/Link_Slack_Bot/venv/lib/python3.10/site-packages/airflow/example_dags/example_trigger_controller_dag.py
[2022-10-03T17:12:36.479-0400] {processor.py:758} INFO - Processing file /Users/austin/Desktop/Link_Slack_Bot/venv/lib/python3.10/site-packages/airflow/example_dags/example_trigger_controller_dag.py for tasks to queue
[2022-10-03T17:12:36.479-0400] {logging_mixin.py:117} INFO - [2022-10-03T17:12:36.479-0400] {dagbag.py:525} INFO - Filling up the DagBag from /Users/austin/Desktop/Link_Slack_Bot/venv/lib/python3.10/site-packages/airflow/example_dags/example_trigger_controller_dag.py
[2022-10-03T17:12:36.500-0400] {processor.py:768} INFO - DAG(s) dict_keys(['example_trigger_controller_dag']) retrieved from /Users/austin/Desktop/Link_Slack_Bot/venv/lib/python3.10/site-packages/airflow/example_dags/example_trigger_controller_dag.py
[2022-10-03T17:12:36.646-0400] {logging_mixin.py:117} INFO - [2022-10-03T17:12:36.645-0400] {dag.py:2573} INFO - Sync 1 DAGs
[2022-10-03T17:12:36.658-0400] {logging_mixin.py:117} INFO - [2022-10-03T17:12:36.658-0400] {dag.py:3324} INFO - Setting next_dagrun for example_trigger_controller_dag to 2021-01-01T00:00:00+00:00, run_after=2021-01-01T00:00:00+00:00
[2022-10-03T17:12:36.673-0400] {processor.py:178} INFO - Processing /Users/austin/Desktop/Link_Slack_Bot/venv/lib/python3.10/site-packages/airflow/example_dags/example_trigger_controller_dag.py took 0.201 seconds
