[2022-10-03T17:07:47.161-0400] {processor.py:156} INFO - Started process (PID=85638) to work on /Users/austin/Desktop/Link_Slack_Bot/venv/lib/python3.10/site-packages/airflow/example_dags/tutorial_taskflow_api_virtualenv.py
[2022-10-03T17:07:47.166-0400] {processor.py:758} INFO - Processing file /Users/austin/Desktop/Link_Slack_Bot/venv/lib/python3.10/site-packages/airflow/example_dags/tutorial_taskflow_api_virtualenv.py for tasks to queue
[2022-10-03T17:07:47.167-0400] {logging_mixin.py:117} INFO - [2022-10-03T17:07:47.167-0400] {dagbag.py:525} INFO - Filling up the DagBag from /Users/austin/Desktop/Link_Slack_Bot/venv/lib/python3.10/site-packages/airflow/example_dags/tutorial_taskflow_api_virtualenv.py
[2022-10-03T17:07:47.210-0400] {processor.py:768} INFO - DAG(s) dict_keys(['tutorial_taskflow_api_virtualenv']) retrieved from /Users/austin/Desktop/Link_Slack_Bot/venv/lib/python3.10/site-packages/airflow/example_dags/tutorial_taskflow_api_virtualenv.py
[2022-10-03T17:07:48.030-0400] {logging_mixin.py:117} INFO - [2022-10-03T17:07:48.030-0400] {manager.py:507} INFO - Created Permission View: can read on DAG:tutorial_taskflow_api_virtualenv
[2022-10-03T17:07:48.036-0400] {logging_mixin.py:117} INFO - [2022-10-03T17:07:48.036-0400] {manager.py:507} INFO - Created Permission View: can edit on DAG:tutorial_taskflow_api_virtualenv
[2022-10-03T17:07:48.041-0400] {logging_mixin.py:117} INFO - [2022-10-03T17:07:48.041-0400] {manager.py:507} INFO - Created Permission View: can delete on DAG:tutorial_taskflow_api_virtualenv
[2022-10-03T17:07:48.042-0400] {logging_mixin.py:117} INFO - [2022-10-03T17:07:48.041-0400] {dag.py:2573} INFO - Sync 1 DAGs
[2022-10-03T17:07:48.050-0400] {logging_mixin.py:117} INFO - [2022-10-03T17:07:48.050-0400] {dag.py:2594} INFO - Creating ORM DAG for tutorial_taskflow_api_virtualenv
[2022-10-03T17:07:48.057-0400] {logging_mixin.py:117} INFO - [2022-10-03T17:07:48.057-0400] {dag.py:3324} INFO - Setting next_dagrun for tutorial_taskflow_api_virtualenv to None, run_after=None
[2022-10-03T17:07:48.073-0400] {processor.py:178} INFO - Processing /Users/austin/Desktop/Link_Slack_Bot/venv/lib/python3.10/site-packages/airflow/example_dags/tutorial_taskflow_api_virtualenv.py took 0.913 seconds
[2022-10-03T17:10:23.577-0400] {processor.py:156} INFO - Started process (PID=92227) to work on /Users/austin/Desktop/Link_Slack_Bot/venv/lib/python3.10/site-packages/airflow/example_dags/tutorial_taskflow_api_virtualenv.py
[2022-10-03T17:10:23.583-0400] {processor.py:758} INFO - Processing file /Users/austin/Desktop/Link_Slack_Bot/venv/lib/python3.10/site-packages/airflow/example_dags/tutorial_taskflow_api_virtualenv.py for tasks to queue
[2022-10-03T17:10:23.583-0400] {logging_mixin.py:117} INFO - [2022-10-03T17:10:23.583-0400] {dagbag.py:525} INFO - Filling up the DagBag from /Users/austin/Desktop/Link_Slack_Bot/venv/lib/python3.10/site-packages/airflow/example_dags/tutorial_taskflow_api_virtualenv.py
[2022-10-03T17:10:23.634-0400] {processor.py:768} INFO - DAG(s) dict_keys(['tutorial_taskflow_api_virtualenv']) retrieved from /Users/austin/Desktop/Link_Slack_Bot/venv/lib/python3.10/site-packages/airflow/example_dags/tutorial_taskflow_api_virtualenv.py
[2022-10-03T17:10:23.800-0400] {logging_mixin.py:117} INFO - [2022-10-03T17:10:23.799-0400] {dag.py:2573} INFO - Sync 1 DAGs
[2022-10-03T17:10:23.815-0400] {logging_mixin.py:117} INFO - [2022-10-03T17:10:23.815-0400] {dag.py:3324} INFO - Setting next_dagrun for tutorial_taskflow_api_virtualenv to None, run_after=None
[2022-10-03T17:10:23.830-0400] {processor.py:178} INFO - Processing /Users/austin/Desktop/Link_Slack_Bot/venv/lib/python3.10/site-packages/airflow/example_dags/tutorial_taskflow_api_virtualenv.py took 0.254 seconds
[2022-10-03T17:12:02.760-0400] {processor.py:156} INFO - Started process (PID=96305) to work on /Users/austin/Desktop/Link_Slack_Bot/venv/lib/python3.10/site-packages/airflow/example_dags/tutorial_taskflow_api_virtualenv.py
[2022-10-03T17:12:02.766-0400] {processor.py:758} INFO - Processing file /Users/austin/Desktop/Link_Slack_Bot/venv/lib/python3.10/site-packages/airflow/example_dags/tutorial_taskflow_api_virtualenv.py for tasks to queue
[2022-10-03T17:12:02.766-0400] {logging_mixin.py:117} INFO - [2022-10-03T17:12:02.766-0400] {dagbag.py:525} INFO - Filling up the DagBag from /Users/austin/Desktop/Link_Slack_Bot/venv/lib/python3.10/site-packages/airflow/example_dags/tutorial_taskflow_api_virtualenv.py
[2022-10-03T17:12:02.813-0400] {processor.py:768} INFO - DAG(s) dict_keys(['tutorial_taskflow_api_virtualenv']) retrieved from /Users/austin/Desktop/Link_Slack_Bot/venv/lib/python3.10/site-packages/airflow/example_dags/tutorial_taskflow_api_virtualenv.py
[2022-10-03T17:12:02.962-0400] {logging_mixin.py:117} INFO - [2022-10-03T17:12:02.962-0400] {dag.py:2573} INFO - Sync 1 DAGs
[2022-10-03T17:12:02.978-0400] {logging_mixin.py:117} INFO - [2022-10-03T17:12:02.978-0400] {dag.py:3324} INFO - Setting next_dagrun for tutorial_taskflow_api_virtualenv to None, run_after=None
[2022-10-03T17:12:02.994-0400] {processor.py:178} INFO - Processing /Users/austin/Desktop/Link_Slack_Bot/venv/lib/python3.10/site-packages/airflow/example_dags/tutorial_taskflow_api_virtualenv.py took 0.234 seconds
[2022-10-03T17:12:24.461-0400] {processor.py:156} INFO - Started process (PID=97253) to work on /Users/austin/Desktop/Link_Slack_Bot/venv/lib/python3.10/site-packages/airflow/example_dags/tutorial_taskflow_api_virtualenv.py
[2022-10-03T17:12:24.466-0400] {processor.py:758} INFO - Processing file /Users/austin/Desktop/Link_Slack_Bot/venv/lib/python3.10/site-packages/airflow/example_dags/tutorial_taskflow_api_virtualenv.py for tasks to queue
[2022-10-03T17:12:24.467-0400] {logging_mixin.py:117} INFO - [2022-10-03T17:12:24.467-0400] {dagbag.py:525} INFO - Filling up the DagBag from /Users/austin/Desktop/Link_Slack_Bot/venv/lib/python3.10/site-packages/airflow/example_dags/tutorial_taskflow_api_virtualenv.py
[2022-10-03T17:12:24.505-0400] {processor.py:768} INFO - DAG(s) dict_keys(['tutorial_taskflow_api_virtualenv']) retrieved from /Users/austin/Desktop/Link_Slack_Bot/venv/lib/python3.10/site-packages/airflow/example_dags/tutorial_taskflow_api_virtualenv.py
[2022-10-03T17:12:24.641-0400] {logging_mixin.py:117} INFO - [2022-10-03T17:12:24.641-0400] {dag.py:2573} INFO - Sync 1 DAGs
[2022-10-03T17:12:24.657-0400] {logging_mixin.py:117} INFO - [2022-10-03T17:12:24.657-0400] {dag.py:3324} INFO - Setting next_dagrun for tutorial_taskflow_api_virtualenv to None, run_after=None
[2022-10-03T17:12:24.671-0400] {processor.py:178} INFO - Processing /Users/austin/Desktop/Link_Slack_Bot/venv/lib/python3.10/site-packages/airflow/example_dags/tutorial_taskflow_api_virtualenv.py took 0.211 seconds
