[2022-10-03T17:09:19.328-0400] {processor.py:156} INFO - Started process (PID=89665) to work on /Users/austin/Desktop/Link_Slack_Bot/airflow/dags/bl_dag.py
[2022-10-03T17:09:19.333-0400] {processor.py:758} INFO - Processing file /Users/austin/Desktop/Link_Slack_Bot/airflow/dags/bl_dag.py for tasks to queue
[2022-10-03T17:09:19.334-0400] {logging_mixin.py:117} INFO - [2022-10-03T17:09:19.334-0400] {dagbag.py:525} INFO - Filling up the DagBag from /Users/austin/Desktop/Link_Slack_Bot/airflow/dags/bl_dag.py
[2022-10-03T17:09:47.667-0400] {processor.py:156} INFO - Started process (PID=90792) to work on /Users/austin/Desktop/Link_Slack_Bot/airflow/dags/bl_dag.py
[2022-10-03T17:09:47.671-0400] {processor.py:758} INFO - Processing file /Users/austin/Desktop/Link_Slack_Bot/airflow/dags/bl_dag.py for tasks to queue
[2022-10-03T17:09:47.671-0400] {logging_mixin.py:117} INFO - [2022-10-03T17:09:47.671-0400] {dagbag.py:525} INFO - Filling up the DagBag from /Users/austin/Desktop/Link_Slack_Bot/airflow/dags/bl_dag.py
[2022-10-03T17:10:17.685-0400] {logging_mixin.py:117} INFO - [2022-10-03T17:10:17.684-0400] {timeout.py:68} ERROR - Process timed out, PID: 90792
[2022-10-03T17:10:17.694-0400] {logging_mixin.py:117} INFO - [2022-10-03T17:10:17.686-0400] {dagbag.py:330} ERROR - Failed to import: /Users/austin/Desktop/Link_Slack_Bot/airflow/dags/bl_dag.py
Traceback (most recent call last):
  File "/Users/austin/Desktop/Link_Slack_Bot/venv/lib/python3.10/site-packages/airflow/models/dagbag.py", line 326, in parse
    loader.exec_module(new_module)
  File "<frozen importlib._bootstrap_external>", line 883, in exec_module
  File "<frozen importlib._bootstrap>", line 241, in _call_with_frames_removed
  File "/Users/austin/Desktop/Link_Slack_Bot/airflow/dags/bl_dag.py", line 10, in <module>
    from scripts.post_message import post_quote_to_channel
  File "/Users/austin/Desktop/Link_Slack_Bot/scripts/post_message.py", line 7, in <module>
    bad_urls = scrape_bad_urls()
  File "/Users/austin/Desktop/Link_Slack_Bot/scripts/sga_scrape.py", line 14, in scrape_bad_urls
    urls[link.get('href')] = str(requests.get(link.get('href')).status_code)
  File "/Users/austin/Desktop/Link_Slack_Bot/venv/lib/python3.10/site-packages/requests/api.py", line 73, in get
    return request("get", url, params=params, **kwargs)
  File "/Users/austin/Desktop/Link_Slack_Bot/venv/lib/python3.10/site-packages/requests/api.py", line 59, in request
    return session.request(method=method, url=url, **kwargs)
  File "/Users/austin/Desktop/Link_Slack_Bot/venv/lib/python3.10/site-packages/requests/sessions.py", line 587, in request
    resp = self.send(prep, **send_kwargs)
  File "/Users/austin/Desktop/Link_Slack_Bot/venv/lib/python3.10/site-packages/requests/sessions.py", line 701, in send
    r = adapter.send(request, **kwargs)
  File "/Users/austin/Desktop/Link_Slack_Bot/venv/lib/python3.10/site-packages/requests/adapters.py", line 489, in send
    resp = conn.urlopen(
  File "/Users/austin/Desktop/Link_Slack_Bot/venv/lib/python3.10/site-packages/urllib3/connectionpool.py", line 703, in urlopen
    httplib_response = self._make_request(
  File "/Users/austin/Desktop/Link_Slack_Bot/venv/lib/python3.10/site-packages/urllib3/connectionpool.py", line 386, in _make_request
    self._validate_conn(conn)
  File "/Users/austin/Desktop/Link_Slack_Bot/venv/lib/python3.10/site-packages/urllib3/connectionpool.py", line 1042, in _validate_conn
    conn.connect()
  File "/Users/austin/Desktop/Link_Slack_Bot/venv/lib/python3.10/site-packages/urllib3/connection.py", line 414, in connect
    self.sock = ssl_wrap_socket(
  File "/Users/austin/Desktop/Link_Slack_Bot/venv/lib/python3.10/site-packages/urllib3/util/ssl_.py", line 449, in ssl_wrap_socket
    ssl_sock = _ssl_wrap_socket_impl(
  File "/Users/austin/Desktop/Link_Slack_Bot/venv/lib/python3.10/site-packages/urllib3/util/ssl_.py", line 493, in _ssl_wrap_socket_impl
    return ssl_context.wrap_socket(sock, server_hostname=server_hostname)
  File "/usr/local/Cellar/python@3.10/3.10.6_2/Frameworks/Python.framework/Versions/3.10/lib/python3.10/ssl.py", line 513, in wrap_socket
    return self.sslsocket_class._create(
  File "/usr/local/Cellar/python@3.10/3.10.6_2/Frameworks/Python.framework/Versions/3.10/lib/python3.10/ssl.py", line 1071, in _create
    self.do_handshake()
  File "/usr/local/Cellar/python@3.10/3.10.6_2/Frameworks/Python.framework/Versions/3.10/lib/python3.10/ssl.py", line 1342, in do_handshake
    self._sslobj.do_handshake()
  File "/Users/austin/Desktop/Link_Slack_Bot/venv/lib/python3.10/site-packages/airflow/utils/timeout.py", line 69, in handle_timeout
    raise AirflowTaskTimeout(self.error_message)
airflow.exceptions.AirflowTaskTimeout: DagBag import timeout for /Users/austin/Desktop/Link_Slack_Bot/airflow/dags/bl_dag.py after 30.0s.
Please take a look at these docs to improve your DAG import time:
* https://airflow.apache.org/docs/apache-airflow/2.4.1/best-practices.html#top-level-python-code
* https://airflow.apache.org/docs/apache-airflow/2.4.1/best-practices.html#reducing-dag-complexity, PID: 90792
[2022-10-03T17:10:17.696-0400] {processor.py:770} WARNING - No viable dags retrieved from /Users/austin/Desktop/Link_Slack_Bot/airflow/dags/bl_dag.py
[2022-10-03T17:10:17.830-0400] {processor.py:178} INFO - Processing /Users/austin/Desktop/Link_Slack_Bot/airflow/dags/bl_dag.py took 30.162 seconds
[2022-10-03T17:11:26.408-0400] {processor.py:156} INFO - Started process (PID=94870) to work on /Users/austin/Desktop/Link_Slack_Bot/airflow/dags/bl_dag.py
[2022-10-03T17:11:26.413-0400] {processor.py:758} INFO - Processing file /Users/austin/Desktop/Link_Slack_Bot/airflow/dags/bl_dag.py for tasks to queue
[2022-10-03T17:11:26.413-0400] {logging_mixin.py:117} INFO - [2022-10-03T17:11:26.413-0400] {dagbag.py:525} INFO - Filling up the DagBag from /Users/austin/Desktop/Link_Slack_Bot/airflow/dags/bl_dag.py
[2022-10-03T17:11:56.219-0400] {processor.py:768} INFO - DAG(s) dict_keys(['broken_links']) retrieved from /Users/austin/Desktop/Link_Slack_Bot/airflow/dags/bl_dag.py
[2022-10-03T17:11:56.984-0400] {logging_mixin.py:117} INFO - [2022-10-03T17:11:56.984-0400] {manager.py:507} INFO - Created Permission View: can delete on DAG:broken_links
[2022-10-03T17:11:56.991-0400] {logging_mixin.py:117} INFO - [2022-10-03T17:11:56.991-0400] {manager.py:507} INFO - Created Permission View: can read on DAG:broken_links
[2022-10-03T17:11:56.996-0400] {logging_mixin.py:117} INFO - [2022-10-03T17:11:56.996-0400] {manager.py:507} INFO - Created Permission View: can edit on DAG:broken_links
[2022-10-03T17:11:56.997-0400] {logging_mixin.py:117} INFO - [2022-10-03T17:11:56.997-0400] {dag.py:2573} INFO - Sync 1 DAGs
[2022-10-03T17:11:57.007-0400] {logging_mixin.py:117} INFO - [2022-10-03T17:11:57.007-0400] {dag.py:2594} INFO - Creating ORM DAG for broken_links
[2022-10-03T17:11:57.015-0400] {logging_mixin.py:117} INFO - [2022-10-03T17:11:57.014-0400] {dag.py:3324} INFO - Setting next_dagrun for broken_links to None, run_after=None
[2022-10-03T17:11:57.031-0400] {processor.py:178} INFO - Processing /Users/austin/Desktop/Link_Slack_Bot/airflow/dags/bl_dag.py took 30.615 seconds
[2022-10-03T17:12:18.192-0400] {processor.py:156} INFO - Started process (PID=96972) to work on /Users/austin/Desktop/Link_Slack_Bot/airflow/dags/bl_dag.py
[2022-10-03T17:12:18.197-0400] {processor.py:758} INFO - Processing file /Users/austin/Desktop/Link_Slack_Bot/airflow/dags/bl_dag.py for tasks to queue
[2022-10-03T17:12:18.197-0400] {logging_mixin.py:117} INFO - [2022-10-03T17:12:18.197-0400] {dagbag.py:525} INFO - Filling up the DagBag from /Users/austin/Desktop/Link_Slack_Bot/airflow/dags/bl_dag.py
[2022-10-03T17:12:18.563-0400] {processor.py:768} INFO - DAG(s) dict_keys(['broken_links']) retrieved from /Users/austin/Desktop/Link_Slack_Bot/airflow/dags/bl_dag.py
[2022-10-03T17:12:18.591-0400] {logging_mixin.py:117} INFO - [2022-10-03T17:12:18.591-0400] {dag.py:2573} INFO - Sync 1 DAGs
[2022-10-03T17:12:18.672-0400] {logging_mixin.py:117} INFO - [2022-10-03T17:12:18.672-0400] {dag.py:3324} INFO - Setting next_dagrun for broken_links to None, run_after=None
[2022-10-03T17:12:18.685-0400] {processor.py:178} INFO - Processing /Users/austin/Desktop/Link_Slack_Bot/airflow/dags/bl_dag.py took 0.494 seconds
