[2022-10-03T17:07:43.318-0400] {processor.py:156} INFO - Started process (PID=85466) to work on /Users/austin/Desktop/Link_Slack_Bot/venv/lib/python3.10/site-packages/airflow/example_dags/subdags/subdag.py
[2022-10-03T17:07:43.323-0400] {processor.py:758} INFO - Processing file /Users/austin/Desktop/Link_Slack_Bot/venv/lib/python3.10/site-packages/airflow/example_dags/subdags/subdag.py for tasks to queue
[2022-10-03T17:07:43.323-0400] {logging_mixin.py:117} INFO - [2022-10-03T17:07:43.323-0400] {dagbag.py:525} INFO - Filling up the DagBag from /Users/austin/Desktop/Link_Slack_Bot/venv/lib/python3.10/site-packages/airflow/example_dags/subdags/subdag.py
[2022-10-03T17:07:43.335-0400] {processor.py:770} WARNING - No viable dags retrieved from /Users/austin/Desktop/Link_Slack_Bot/venv/lib/python3.10/site-packages/airflow/example_dags/subdags/subdag.py
[2022-10-03T17:07:43.457-0400] {processor.py:178} INFO - Processing /Users/austin/Desktop/Link_Slack_Bot/venv/lib/python3.10/site-packages/airflow/example_dags/subdags/subdag.py took 0.140 seconds
[2022-10-03T17:10:19.864-0400] {processor.py:156} INFO - Started process (PID=92066) to work on /Users/austin/Desktop/Link_Slack_Bot/venv/lib/python3.10/site-packages/airflow/example_dags/subdags/subdag.py
[2022-10-03T17:10:19.870-0400] {processor.py:758} INFO - Processing file /Users/austin/Desktop/Link_Slack_Bot/venv/lib/python3.10/site-packages/airflow/example_dags/subdags/subdag.py for tasks to queue
[2022-10-03T17:10:19.870-0400] {logging_mixin.py:117} INFO - [2022-10-03T17:10:19.870-0400] {dagbag.py:525} INFO - Filling up the DagBag from /Users/austin/Desktop/Link_Slack_Bot/venv/lib/python3.10/site-packages/airflow/example_dags/subdags/subdag.py
[2022-10-03T17:10:19.885-0400] {processor.py:770} WARNING - No viable dags retrieved from /Users/austin/Desktop/Link_Slack_Bot/venv/lib/python3.10/site-packages/airflow/example_dags/subdags/subdag.py
[2022-10-03T17:10:20.039-0400] {processor.py:178} INFO - Processing /Users/austin/Desktop/Link_Slack_Bot/venv/lib/python3.10/site-packages/airflow/example_dags/subdags/subdag.py took 0.175 seconds
[2022-10-03T17:11:59.169-0400] {processor.py:156} INFO - Started process (PID=96159) to work on /Users/austin/Desktop/Link_Slack_Bot/venv/lib/python3.10/site-packages/airflow/example_dags/subdags/subdag.py
[2022-10-03T17:11:59.176-0400] {processor.py:758} INFO - Processing file /Users/austin/Desktop/Link_Slack_Bot/venv/lib/python3.10/site-packages/airflow/example_dags/subdags/subdag.py for tasks to queue
[2022-10-03T17:11:59.176-0400] {logging_mixin.py:117} INFO - [2022-10-03T17:11:59.176-0400] {dagbag.py:525} INFO - Filling up the DagBag from /Users/austin/Desktop/Link_Slack_Bot/venv/lib/python3.10/site-packages/airflow/example_dags/subdags/subdag.py
[2022-10-03T17:11:59.192-0400] {processor.py:770} WARNING - No viable dags retrieved from /Users/austin/Desktop/Link_Slack_Bot/venv/lib/python3.10/site-packages/airflow/example_dags/subdags/subdag.py
[2022-10-03T17:11:59.316-0400] {processor.py:178} INFO - Processing /Users/austin/Desktop/Link_Slack_Bot/venv/lib/python3.10/site-packages/airflow/example_dags/subdags/subdag.py took 0.147 seconds
[2022-10-03T17:12:20.531-0400] {processor.py:156} INFO - Started process (PID=97075) to work on /Users/austin/Desktop/Link_Slack_Bot/venv/lib/python3.10/site-packages/airflow/example_dags/subdags/subdag.py
[2022-10-03T17:12:20.537-0400] {processor.py:758} INFO - Processing file /Users/austin/Desktop/Link_Slack_Bot/venv/lib/python3.10/site-packages/airflow/example_dags/subdags/subdag.py for tasks to queue
[2022-10-03T17:12:20.537-0400] {logging_mixin.py:117} INFO - [2022-10-03T17:12:20.537-0400] {dagbag.py:525} INFO - Filling up the DagBag from /Users/austin/Desktop/Link_Slack_Bot/venv/lib/python3.10/site-packages/airflow/example_dags/subdags/subdag.py
[2022-10-03T17:12:20.551-0400] {processor.py:770} WARNING - No viable dags retrieved from /Users/austin/Desktop/Link_Slack_Bot/venv/lib/python3.10/site-packages/airflow/example_dags/subdags/subdag.py
[2022-10-03T17:12:20.801-0400] {processor.py:178} INFO - Processing /Users/austin/Desktop/Link_Slack_Bot/venv/lib/python3.10/site-packages/airflow/example_dags/subdags/subdag.py took 0.270 seconds
